0 verbose cli /home/khanyu/.nvm/versions/node/v22.15.0/bin/node /home/khanyu/.nvm/versions/node/v22.15.0/lib/node_modules/npm/bin/npm-cli.js
1 info using npm@11.3.0
2 info using node@v22.15.0
3 silly config load:file:/home/khanyu/.nvm/versions/node/v22.15.0/lib/node_modules/npm/npmrc
4 silly config load:file:/home/khanyu/bank-app-frontend/.npmrc
5 silly config load:file:/home/khanyu/.npmrc
6 silly config load:file:/home/khanyu/.nvm/versions/node/v22.15.0/etc/npmrc
7 verbose title npm exec tailwindcss init -p
8 verbose argv "exec" "--" "tailwindcss" "init" "-p"
9 verbose logfile logs-max:10 dir:/home/khanyu/.npm/_logs/2025-05-15T22_32_28_894Z-
10 verbose logfile /home/khanyu/.npm/_logs/2025-05-15T22_32_28_894Z-debug-0.log
11 silly logfile start cleaning logs, removing 1 files
12 silly logfile done cleaning log files
13 silly packumentCache heap:1013710848 maxSize:253427712 maxEntrySize:126713856
14 verbose shrinkwrap failed to load node_modules/.package-lock.json out of date, updated: node_modules
15 http fetch GET 200 https://registry.npmjs.org/tailwindcss 4914ms (cache miss)
16 verbose stack Error: could not determine executable to run
16 verbose stack     at getBinFromManifest (/home/khanyu/.nvm/versions/node/v22.15.0/lib/node_modules/npm/node_modules/libnpmexec/lib/get-bin-from-manifest.js:17:23)
16 verbose stack     at exec (/home/khanyu/.nvm/versions/node/v22.15.0/lib/node_modules/npm/node_modules/libnpmexec/lib/index.js:205:15)
16 verbose stack     at async Npm.exec (/home/khanyu/.nvm/versions/node/v22.15.0/lib/node_modules/npm/lib/npm.js:208:9)
16 verbose stack     at async module.exports (/home/khanyu/.nvm/versions/node/v22.15.0/lib/node_modules/npm/lib/cli/entry.js:67:5)
17 verbose pkgid tailwindcss@4.1.7
18 error could not determine executable to run
19 verbose cwd /home/khanyu/bank-app-frontend
20 verbose os Linux 5.15.167.4-microsoft-standard-WSL2
21 verbose node v22.15.0
22 verbose npm  v11.3.0
23 verbose exit 1
24 verbose code 1
25 error A complete log of this run can be found in: /home/khanyu/.npm/_logs/2025-05-15T22_32_28_894Z-debug-0.log
