0 verbose cli /home/khanyu/.nvm/versions/node/v22.15.0/bin/node /home/khanyu/.nvm/versions/node/v22.15.0/bin/npm
1 info using npm@11.3.0
2 info using node@v22.15.0
3 silly config load:file:/home/khanyu/.nvm/versions/node/v22.15.0/lib/node_modules/npm/npmrc
4 silly config load:file:/home/khanyu/bank-app-frontend/.npmrc
5 silly config load:file:/home/khanyu/.npmrc
6 silly config load:file:/home/khanyu/.nvm/versions/node/v22.15.0/etc/npmrc
7 verbose title npm install tailwindcss@latest
8 verbose argv "install" "--save-dev" "tailwindcss@latest"
9 verbose logfile logs-max:10 dir:/home/khanyu/.npm/_logs/2025-05-15T22_36_19_880Z-
10 verbose logfile /home/khanyu/.npm/_logs/2025-05-15T22_36_19_880Z-debug-0.log
11 silly logfile start cleaning logs, removing 1 files
12 silly logfile done cleaning log files
13 silly packumentCache heap:1013710848 maxSize:253427712 maxEntrySize:126713856
14 silly packumentCache corgi:https://registry.npmjs.org/tailwindcss cache-miss
15 verbose shrinkwrap failed to load node_modules/.package-lock.json out of date, updated: node_modules
16 http cache https://registry.npmjs.org/tailwindcss 186ms (cache hit)
17 silly packumentCache corgi:https://registry.npmjs.org/tailwindcss set size:4287319 disposed:false
18 silly idealTree buildDeps
19 silly fetch manifest tailwindcss@4.1.7
20 silly packumentCache full:https://registry.npmjs.org/tailwindcss cache-miss
21 http fetch GET 200 https://registry.npmjs.org/tailwindcss 2389ms (cache revalidated)
22 silly packumentCache full:https://registry.npmjs.org/tailwindcss set size:8974868 disposed:false
23 silly placeDep ROOT tailwindcss@4.1.7 OK for: bank-app-frontend@0.0.0 want: 4.1.7
24 silly reify moves {}
25 silly audit bulk request {
25 silly audit   '@ampproject/remapping': [ '2.3.0' ],
25 silly audit   '@babel/code-frame': [ '7.27.1' ],
25 silly audit   '@babel/compat-data': [ '7.27.2' ],
25 silly audit   '@babel/core': [ '7.27.1' ],
25 silly audit   '@babel/generator': [ '7.27.1' ],
25 silly audit   '@babel/helper-compilation-targets': [ '7.27.2' ],
25 silly audit   '@babel/helper-module-imports': [ '7.27.1' ],
25 silly audit   '@babel/helper-module-transforms': [ '7.27.1' ],
25 silly audit   '@babel/helper-plugin-utils': [ '7.27.1' ],
25 silly audit   '@babel/helper-string-parser': [ '7.27.1' ],
25 silly audit   '@babel/helper-validator-identifier': [ '7.27.1' ],
25 silly audit   '@babel/helper-validator-option': [ '7.27.1' ],
25 silly audit   '@babel/helpers': [ '7.27.1' ],
25 silly audit   '@babel/parser': [ '7.27.2' ],
25 silly audit   '@babel/plugin-transform-react-jsx-self': [ '7.27.1' ],
25 silly audit   '@babel/plugin-transform-react-jsx-source': [ '7.27.1' ],
25 silly audit   '@babel/template': [ '7.27.2' ],
25 silly audit   '@babel/traverse': [ '7.27.1' ],
25 silly audit   globals: [ '11.12.0', '14.0.0', '16.1.0' ],
25 silly audit   '@babel/types': [ '7.27.1' ],
25 silly audit   '@esbuild/aix-ppc64': [ '0.25.4' ],
25 silly audit   '@esbuild/android-arm': [ '0.25.4' ],
25 silly audit   '@esbuild/android-arm64': [ '0.25.4' ],
25 silly audit   '@esbuild/android-x64': [ '0.25.4' ],
25 silly audit   '@esbuild/darwin-arm64': [ '0.25.4' ],
25 silly audit   '@esbuild/darwin-x64': [ '0.25.4' ],
25 silly audit   '@esbuild/freebsd-arm64': [ '0.25.4' ],
25 silly audit   '@esbuild/freebsd-x64': [ '0.25.4' ],
25 silly audit   '@esbuild/linux-arm': [ '0.25.4' ],
25 silly audit   '@esbuild/linux-arm64': [ '0.25.4' ],
25 silly audit   '@esbuild/linux-ia32': [ '0.25.4' ],
25 silly audit   '@esbuild/linux-loong64': [ '0.25.4' ],
25 silly audit   '@esbuild/linux-mips64el': [ '0.25.4' ],
25 silly audit   '@esbuild/linux-ppc64': [ '0.25.4' ],
25 silly audit   '@esbuild/linux-riscv64': [ '0.25.4' ],
25 silly audit   '@esbuild/linux-s390x': [ '0.25.4' ],
25 silly audit   '@esbuild/linux-x64': [ '0.25.4' ],
25 silly audit   '@esbuild/netbsd-arm64': [ '0.25.4' ],
25 silly audit   '@esbuild/netbsd-x64': [ '0.25.4' ],
25 silly audit   '@esbuild/openbsd-arm64': [ '0.25.4' ],
25 silly audit   '@esbuild/openbsd-x64': [ '0.25.4' ],
25 silly audit   '@esbuild/sunos-x64': [ '0.25.4' ],
25 silly audit   '@esbuild/win32-arm64': [ '0.25.4' ],
25 silly audit   '@esbuild/win32-ia32': [ '0.25.4' ],
25 silly audit   '@esbuild/win32-x64': [ '0.25.4' ],
25 silly audit   '@eslint-community/eslint-utils': [ '4.7.0' ],
25 silly audit   'eslint-visitor-keys': [ '3.4.3', '4.2.0' ],
25 silly audit   '@eslint-community/regexpp': [ '4.12.1' ],
25 silly audit   '@eslint/config-array': [ '0.20.0' ],
25 silly audit   '@eslint/config-helpers': [ '0.2.2' ],
25 silly audit   '@eslint/core': [ '0.13.0' ],
25 silly audit   '@eslint/eslintrc': [ '3.3.1' ],
25 silly audit   '@eslint/js': [ '9.26.0' ],
25 silly audit   '@eslint/object-schema': [ '2.1.6' ],
25 silly audit   '@eslint/plugin-kit': [ '0.2.8' ],
25 silly audit   '@humanfs/core': [ '0.19.1' ],
25 silly audit   '@humanfs/node': [ '0.16.6' ],
25 silly audit   '@humanwhocodes/retry': [ '0.3.1', '0.4.3' ],
25 silly audit   '@humanwhocodes/module-importer': [ '1.0.1' ],
25 silly audit   '@jridgewell/gen-mapping': [ '0.3.8' ],
25 silly audit   '@jridgewell/resolve-uri': [ '3.1.2' ],
25 silly audit   '@jridgewell/set-array': [ '1.2.1' ],
25 silly audit   '@jridgewell/sourcemap-codec': [ '1.5.0' ],
25 silly audit   '@jridgewell/trace-mapping': [ '0.3.25' ],
25 silly audit   '@modelcontextprotocol/sdk': [ '1.11.3' ],
25 silly audit   '@nodelib/fs.scandir': [ '2.1.5' ],
25 silly audit   '@nodelib/fs.stat': [ '2.0.5' ],
25 silly audit   '@nodelib/fs.walk': [ '1.2.8' ],
25 silly audit   '@rollup/rollup-android-arm-eabi': [ '4.40.2' ],
25 silly audit   '@rollup/rollup-android-arm64': [ '4.40.2' ],
25 silly audit   '@rollup/rollup-darwin-arm64': [ '4.40.2' ],
25 silly audit   '@rollup/rollup-darwin-x64': [ '4.40.2' ],
25 silly audit   '@rollup/rollup-freebsd-arm64': [ '4.40.2' ],
25 silly audit   '@rollup/rollup-freebsd-x64': [ '4.40.2' ],
25 silly audit   '@rollup/rollup-linux-arm-gnueabihf': [ '4.40.2' ],
25 silly audit   '@rollup/rollup-linux-arm-musleabihf': [ '4.40.2' ],
25 silly audit   '@rollup/rollup-linux-arm64-gnu': [ '4.40.2' ],
25 silly audit   '@rollup/rollup-linux-arm64-musl': [ '4.40.2' ],
25 silly audit   '@rollup/rollup-linux-loongarch64-gnu': [ '4.40.2' ],
25 silly audit   '@rollup/rollup-linux-powerpc64le-gnu': [ '4.40.2' ],
25 silly audit   '@rollup/rollup-linux-riscv64-gnu': [ '4.40.2' ],
25 silly audit   '@rollup/rollup-linux-riscv64-musl': [ '4.40.2' ],
25 silly audit   '@rollup/rollup-linux-s390x-gnu': [ '4.40.2' ],
25 silly audit   '@rollup/rollup-linux-x64-gnu': [ '4.40.2' ],
25 silly audit   '@rollup/rollup-linux-x64-musl': [ '4.40.2' ],
25 silly audit   '@rollup/rollup-win32-arm64-msvc': [ '4.40.2' ],
25 silly audit   '@rollup/rollup-win32-ia32-msvc': [ '4.40.2' ],
25 silly audit   '@rollup/rollup-win32-x64-msvc': [ '4.40.2' ],
25 silly audit   '@types/babel__core': [ '7.20.5' ],
25 silly audit   '@types/babel__generator': [ '7.27.0' ],
25 silly audit   '@types/babel__template': [ '7.4.4' ],
25 silly audit   '@types/babel__traverse': [ '7.20.7' ],
25 silly audit   '@types/estree': [ '1.0.7' ],
25 silly audit   '@types/json-schema': [ '7.0.15' ],
25 silly audit   '@types/react': [ '19.1.4' ],
25 silly audit   '@types/react-dom': [ '19.1.5' ],
25 silly audit   '@typescript-eslint/eslint-plugin': [ '8.32.1' ],
25 silly audit   ignore: [ '7.0.4', '5.3.2' ],
25 silly audit   '@typescript-eslint/parser': [ '8.32.1' ],
25 silly audit   '@typescript-eslint/scope-manager': [ '8.32.1' ],
25 silly audit   '@typescript-eslint/type-utils': [ '8.32.1' ],
25 silly audit   '@typescript-eslint/types': [ '8.32.1' ],
25 silly audit   '@typescript-eslint/typescript-estree': [ '8.32.1' ],
25 silly audit   'brace-expansion': [ '2.0.1', '1.1.11' ],
25 silly audit   minimatch: [ '9.0.5', '3.1.2' ],
25 silly audit   semver: [ '7.7.2', '6.3.1' ],
25 silly audit   '@typescript-eslint/utils': [ '8.32.1' ],
25 silly audit   '@typescript-eslint/visitor-keys': [ '8.32.1' ],
25 silly audit   '@vitejs/plugin-react': [ '4.4.1' ],
25 silly audit   accepts: [ '2.0.0' ],
25 silly audit   acorn: [ '8.14.1' ],
25 silly audit   'acorn-jsx': [ '5.3.2' ],
25 silly audit   ajv: [ '6.12.6' ],
25 silly audit   'ansi-styles': [ '4.3.0' ],
25 silly audit   argparse: [ '2.0.1' ],
25 silly audit   'balanced-match': [ '1.0.2' ],
25 silly audit   'body-parser': [ '2.2.0' ],
25 silly audit   braces: [ '3.0.3' ],
25 silly audit   browserslist: [ '4.24.5' ],
25 silly audit   bytes: [ '3.1.2' ],
25 silly audit   'call-bind-apply-helpers': [ '1.0.2' ],
25 silly audit   'call-bound': [ '1.0.4' ],
25 silly audit   callsites: [ '3.1.0' ],
25 silly audit   'caniuse-lite': [ '1.0.30001718' ],
25 silly audit   chalk: [ '4.1.2' ],
25 silly audit   'color-convert': [ '2.0.1' ],
25 silly audit   'color-name': [ '1.1.4' ],
25 silly audit   'concat-map': [ '0.0.1' ],
25 silly audit   'content-disposition': [ '1.0.0' ],
25 silly audit   'content-type': [ '1.0.5' ],
25 silly audit   'convert-source-map': [ '2.0.0' ],
25 silly audit   cookie: [ '0.7.2' ],
25 silly audit   'cookie-signature': [ '1.2.2' ],
25 silly audit   cors: [ '2.8.5' ],
25 silly audit   'cross-spawn': [ '7.0.6' ],
25 silly audit   csstype: [ '3.1.3' ],
25 silly audit   debug: [ '4.4.1' ],
25 silly audit   'deep-is': [ '0.1.4' ],
25 silly audit   depd: [ '2.0.0' ],
25 silly audit   'dunder-proto': [ '1.0.1' ],
25 silly audit   'ee-first': [ '1.1.1' ],
25 silly audit   'electron-to-chromium': [ '1.5.154' ],
25 silly audit   encodeurl: [ '2.0.0' ],
25 silly audit   'es-define-property': [ '1.0.1' ],
25 silly audit   'es-errors': [ '1.3.0' ],
25 silly audit   'es-object-atoms': [ '1.1.1' ],
25 silly audit   esbuild: [ '0.25.4' ],
25 silly audit   escalade: [ '3.2.0' ],
25 silly audit   'escape-html': [ '1.0.3' ],
25 silly audit   'escape-string-regexp': [ '4.0.0' ],
25 silly audit   eslint: [ '9.26.0' ],
25 silly audit   'eslint-plugin-react-hooks': [ '5.2.0' ],
25 silly audit   'eslint-plugin-react-refresh': [ '0.4.20' ],
25 silly audit   'eslint-scope': [ '8.3.0' ],
25 silly audit   espree: [ '10.3.0' ],
25 silly audit   esquery: [ '1.6.0' ],
25 silly audit   esrecurse: [ '4.3.0' ],
25 silly audit   estraverse: [ '5.3.0' ],
25 silly audit   esutils: [ '2.0.3' ],
25 silly audit   etag: [ '1.8.1' ],
25 silly audit   eventsource: [ '3.0.7' ],
25 silly audit   'eventsource-parser': [ '3.0.2' ],
25 silly audit   express: [ '5.1.0' ],
25 silly audit   'express-rate-limit': [ '7.5.0' ],
25 silly audit   'fast-deep-equal': [ '3.1.3' ],
25 silly audit   'fast-glob': [ '3.3.3' ],
25 silly audit   'glob-parent': [ '5.1.2', '6.0.2' ],
25 silly audit   'fast-json-stable-stringify': [ '2.1.0' ],
25 silly audit   'fast-levenshtein': [ '2.0.6' ],
25 silly audit   fastq: [ '1.19.1' ],
25 silly audit   'file-entry-cache': [ '8.0.0' ],
25 silly audit   'fill-range': [ '7.1.1' ],
25 silly audit   finalhandler: [ '2.1.0' ],
25 silly audit   'find-up': [ '5.0.0' ],
25 silly audit   'flat-cache': [ '4.0.1' ],
25 silly audit   flatted: [ '3.3.3' ],
25 silly audit   forwarded: [ '0.2.0' ],
25 silly audit   fresh: [ '2.0.0' ],
25 silly audit   fsevents: [ '2.3.3' ],
25 silly audit   'function-bind': [ '1.1.2' ],
25 silly audit   gensync: [ '1.0.0-beta.2' ],
25 silly audit   'get-intrinsic': [ '1.3.0' ],
25 silly audit   'get-proto': [ '1.0.1' ],
25 silly audit   gopd: [ '1.2.0' ],
25 silly audit   graphemer: [ '1.4.0' ],
25 silly audit   'has-flag': [ '4.0.0' ],
25 silly audit   'has-symbols': [ '1.1.0' ],
25 silly audit   hasown: [ '2.0.2' ],
25 silly audit   'http-errors': [ '2.0.0' ],
25 silly audit   'iconv-lite': [ '0.6.3' ],
25 silly audit   'import-fresh': [ '3.3.1' ],
25 silly audit   imurmurhash: [ '0.1.4' ],
25 silly audit   inherits: [ '2.0.4' ],
25 silly audit   'ipaddr.js': [ '1.9.1' ],
25 silly audit   'is-extglob': [ '2.1.1' ],
25 silly audit   'is-glob': [ '4.0.3' ],
25 silly audit   'is-number': [ '7.0.0' ],
25 silly audit   'is-promise': [ '4.0.0' ],
25 silly audit   isexe: [ '2.0.0' ],
25 silly audit   'js-tokens': [ '4.0.0' ],
25 silly audit   'js-yaml': [ '4.1.0' ],
25 silly audit   jsesc: [ '3.1.0' ],
25 silly audit   'json-buffer': [ '3.0.1' ],
25 silly audit   'json-schema-traverse': [ '0.4.1' ],
25 silly audit   'json-stable-stringify-without-jsonify': [ '1.0.1' ],
25 silly audit   json5: [ '2.2.3' ],
25 silly audit   keyv: [ '4.5.4' ],
25 silly audit   levn: [ '0.4.1' ],
25 silly audit   'locate-path': [ '6.0.0' ],
25 silly audit   'lodash.merge': [ '4.6.2' ],
25 silly audit   'lru-cache': [ '5.1.1' ],
25 silly audit   'math-intrinsics': [ '1.1.0' ],
25 silly audit   'media-typer': [ '1.1.0' ],
25 silly audit   'merge-descriptors': [ '2.0.0' ],
25 silly audit   merge2: [ '1.4.1' ],
25 silly audit   micromatch: [ '4.0.8' ],
25 silly audit   'mime-db': [ '1.54.0' ],
25 silly audit   'mime-types': [ '3.0.1' ],
25 silly audit   ms: [ '2.1.3' ],
25 silly audit   nanoid: [ '3.3.11' ],
25 silly audit   'natural-compare': [ '1.4.0' ],
25 silly audit   negotiator: [ '1.0.0' ],
25 silly audit   'node-releases': [ '2.0.19' ],
25 silly audit   'object-assign': [ '4.1.1' ],
25 silly audit   'object-inspect': [ '1.13.4' ],
25 silly audit   'on-finished': [ '2.4.1' ],
25 silly audit   once: [ '1.4.0' ],
25 silly audit   optionator: [ '0.9.4' ],
25 silly audit   'p-limit': [ '3.1.0' ],
25 silly audit   'p-locate': [ '5.0.0' ],
25 silly audit   'parent-module': [ '1.0.1' ],
25 silly audit   parseurl: [ '1.3.3' ],
25 silly audit   'path-exists': [ '4.0.0' ],
25 silly audit   'path-key': [ '3.1.1' ],
25 silly audit   'path-to-regexp': [ '8.2.0' ],
25 silly audit   picocolors: [ '1.1.1' ],
25 silly audit   picomatch: [ '2.3.1', '4.0.2' ],
25 silly audit   'pkce-challenge': [ '5.0.0' ],
25 silly audit   postcss: [ '8.5.3' ],
25 silly audit   'prelude-ls': [ '1.2.1' ],
25 silly audit   'proxy-addr': [ '2.0.7' ],
25 silly audit   punycode: [ '2.3.1' ],
25 silly audit   qs: [ '6.14.0' ],
25 silly audit   'queue-microtask': [ '1.2.3' ],
25 silly audit   'range-parser': [ '1.2.1' ],
25 silly audit   'raw-body': [ '3.0.0' ],
25 silly audit   react: [ '19.1.0' ],
25 silly audit   'react-dom': [ '19.1.0' ],
25 silly audit   'react-refresh': [ '0.17.0' ],
25 silly audit   'resolve-from': [ '4.0.0' ],
25 silly audit   reusify: [ '1.1.0' ],
25 silly audit   rollup: [ '4.40.2' ],
25 silly audit   router: [ '2.2.0' ],
25 silly audit   'run-parallel': [ '1.2.0' ],
25 silly audit   'safe-buffer': [ '5.2.1' ],
25 silly audit   'safer-buffer': [ '2.1.2' ],
25 silly audit   scheduler: [ '0.26.0' ],
25 silly audit   send: [ '1.2.0' ],
25 silly audit   'serve-static': [ '2.2.0' ],
25 silly audit   setprototypeof: [ '1.2.0' ],
25 silly audit   'shebang-command': [ '2.0.0' ],
25 silly audit   'shebang-regex': [ '3.0.0' ],
25 silly audit   'side-channel': [ '1.1.0' ],
25 silly audit   'side-channel-list': [ '1.0.0' ],
25 silly audit   'side-channel-map': [ '1.0.1' ],
25 silly audit   'side-channel-weakmap': [ '1.0.2' ],
25 silly audit   'source-map-js': [ '1.2.1' ],
25 silly audit   statuses: [ '2.0.1' ],
25 silly audit   'strip-json-comments': [ '3.1.1' ],
25 silly audit   'supports-color': [ '7.2.0' ],
25 silly audit   tinyglobby: [ '0.2.13' ],
25 silly audit   fdir: [ '6.4.4' ],
25 silly audit   'to-regex-range': [ '5.0.1' ],
25 silly audit   toidentifier: [ '1.0.1' ],
25 silly audit   'ts-api-utils': [ '2.1.0' ],
25 silly audit   'type-check': [ '0.4.0' ],
25 silly audit   'type-is': [ '2.0.1' ],
25 silly audit   typescript: [ '5.8.3' ],
25 silly audit   'typescript-eslint': [ '8.32.1' ],
25 silly audit   unpipe: [ '1.0.0' ],
25 silly audit   'update-browserslist-db': [ '1.1.3' ],
25 silly audit   'uri-js': [ '4.4.1' ],
25 silly audit   vary: [ '1.1.2' ],
25 silly audit   vite: [ '6.3.5' ],
25 silly audit   which: [ '2.0.2' ],
25 silly audit   'word-wrap': [ '1.2.5' ],
25 silly audit   wrappy: [ '1.0.2' ],
25 silly audit   yallist: [ '3.1.1' ],
25 silly audit   'yocto-queue': [ '0.1.0' ],
25 silly audit   zod: [ '3.24.4' ],
25 silly audit   'zod-to-json-schema': [ '3.24.5' ],
25 silly audit   tailwindcss: [ '4.1.7' ]
25 silly audit }
26 verbose reify failed optional dependency /home/khanyu/bank-app-frontend/node_modules/fsevents
27 silly reify mark deleted [ '/home/khanyu/bank-app-frontend/node_modules/fsevents' ]
28 verbose reify failed optional dependency /home/khanyu/bank-app-frontend/node_modules/@rollup/rollup-win32-x64-msvc
29 silly reify mark deleted [
29 silly reify   '/home/khanyu/bank-app-frontend/node_modules/@rollup/rollup-win32-x64-msvc'
29 silly reify ]
30 verbose reify failed optional dependency /home/khanyu/bank-app-frontend/node_modules/@rollup/rollup-win32-ia32-msvc
31 silly reify mark deleted [
31 silly reify   '/home/khanyu/bank-app-frontend/node_modules/@rollup/rollup-win32-ia32-msvc'
31 silly reify ]
32 verbose reify failed optional dependency /home/khanyu/bank-app-frontend/node_modules/@rollup/rollup-win32-arm64-msvc
33 silly reify mark deleted [
33 silly reify   '/home/khanyu/bank-app-frontend/node_modules/@rollup/rollup-win32-arm64-msvc'
33 silly reify ]
34 verbose reify failed optional dependency /home/khanyu/bank-app-frontend/node_modules/@rollup/rollup-linux-s390x-gnu
35 silly reify mark deleted [
35 silly reify   '/home/khanyu/bank-app-frontend/node_modules/@rollup/rollup-linux-s390x-gnu'
35 silly reify ]
36 verbose reify failed optional dependency /home/khanyu/bank-app-frontend/node_modules/@rollup/rollup-linux-riscv64-musl
37 silly reify mark deleted [
37 silly reify   '/home/khanyu/bank-app-frontend/node_modules/@rollup/rollup-linux-riscv64-musl'
37 silly reify ]
38 verbose reify failed optional dependency /home/khanyu/bank-app-frontend/node_modules/@rollup/rollup-linux-riscv64-gnu
39 silly reify mark deleted [
39 silly reify   '/home/khanyu/bank-app-frontend/node_modules/@rollup/rollup-linux-riscv64-gnu'
39 silly reify ]
40 verbose reify failed optional dependency /home/khanyu/bank-app-frontend/node_modules/@rollup/rollup-linux-powerpc64le-gnu
41 silly reify mark deleted [
41 silly reify   '/home/khanyu/bank-app-frontend/node_modules/@rollup/rollup-linux-powerpc64le-gnu'
41 silly reify ]
42 verbose reify failed optional dependency /home/khanyu/bank-app-frontend/node_modules/@rollup/rollup-linux-loongarch64-gnu
43 silly reify mark deleted [
43 silly reify   '/home/khanyu/bank-app-frontend/node_modules/@rollup/rollup-linux-loongarch64-gnu'
43 silly reify ]
44 verbose reify failed optional dependency /home/khanyu/bank-app-frontend/node_modules/@rollup/rollup-linux-arm64-musl
45 silly reify mark deleted [
45 silly reify   '/home/khanyu/bank-app-frontend/node_modules/@rollup/rollup-linux-arm64-musl'
45 silly reify ]
46 verbose reify failed optional dependency /home/khanyu/bank-app-frontend/node_modules/@rollup/rollup-linux-arm64-gnu
47 silly reify mark deleted [
47 silly reify   '/home/khanyu/bank-app-frontend/node_modules/@rollup/rollup-linux-arm64-gnu'
47 silly reify ]
48 verbose reify failed optional dependency /home/khanyu/bank-app-frontend/node_modules/@rollup/rollup-linux-arm-musleabihf
49 silly reify mark deleted [
49 silly reify   '/home/khanyu/bank-app-frontend/node_modules/@rollup/rollup-linux-arm-musleabihf'
49 silly reify ]
50 verbose reify failed optional dependency /home/khanyu/bank-app-frontend/node_modules/@rollup/rollup-linux-arm-gnueabihf
51 silly reify mark deleted [
51 silly reify   '/home/khanyu/bank-app-frontend/node_modules/@rollup/rollup-linux-arm-gnueabihf'
51 silly reify ]
52 verbose reify failed optional dependency /home/khanyu/bank-app-frontend/node_modules/@rollup/rollup-freebsd-x64
53 silly reify mark deleted [
53 silly reify   '/home/khanyu/bank-app-frontend/node_modules/@rollup/rollup-freebsd-x64'
53 silly reify ]
54 verbose reify failed optional dependency /home/khanyu/bank-app-frontend/node_modules/@rollup/rollup-freebsd-arm64
55 silly reify mark deleted [
55 silly reify   '/home/khanyu/bank-app-frontend/node_modules/@rollup/rollup-freebsd-arm64'
55 silly reify ]
56 verbose reify failed optional dependency /home/khanyu/bank-app-frontend/node_modules/@rollup/rollup-darwin-x64
57 silly reify mark deleted [
57 silly reify   '/home/khanyu/bank-app-frontend/node_modules/@rollup/rollup-darwin-x64'
57 silly reify ]
58 verbose reify failed optional dependency /home/khanyu/bank-app-frontend/node_modules/@rollup/rollup-darwin-arm64
59 silly reify mark deleted [
59 silly reify   '/home/khanyu/bank-app-frontend/node_modules/@rollup/rollup-darwin-arm64'
59 silly reify ]
60 verbose reify failed optional dependency /home/khanyu/bank-app-frontend/node_modules/@rollup/rollup-android-arm64
61 silly reify mark deleted [
61 silly reify   '/home/khanyu/bank-app-frontend/node_modules/@rollup/rollup-android-arm64'
61 silly reify ]
62 verbose reify failed optional dependency /home/khanyu/bank-app-frontend/node_modules/@rollup/rollup-android-arm-eabi
63 silly reify mark deleted [
63 silly reify   '/home/khanyu/bank-app-frontend/node_modules/@rollup/rollup-android-arm-eabi'
63 silly reify ]
64 verbose reify failed optional dependency /home/khanyu/bank-app-frontend/node_modules/@esbuild/win32-x64
65 silly reify mark deleted [ '/home/khanyu/bank-app-frontend/node_modules/@esbuild/win32-x64' ]
66 verbose reify failed optional dependency /home/khanyu/bank-app-frontend/node_modules/@esbuild/win32-ia32
67 silly reify mark deleted [ '/home/khanyu/bank-app-frontend/node_modules/@esbuild/win32-ia32' ]
68 verbose reify failed optional dependency /home/khanyu/bank-app-frontend/node_modules/@esbuild/win32-arm64
69 silly reify mark deleted [ '/home/khanyu/bank-app-frontend/node_modules/@esbuild/win32-arm64' ]
70 verbose reify failed optional dependency /home/khanyu/bank-app-frontend/node_modules/@esbuild/sunos-x64
71 silly reify mark deleted [ '/home/khanyu/bank-app-frontend/node_modules/@esbuild/sunos-x64' ]
72 verbose reify failed optional dependency /home/khanyu/bank-app-frontend/node_modules/@esbuild/openbsd-x64
73 silly reify mark deleted [ '/home/khanyu/bank-app-frontend/node_modules/@esbuild/openbsd-x64' ]
74 verbose reify failed optional dependency /home/khanyu/bank-app-frontend/node_modules/@esbuild/openbsd-arm64
75 silly reify mark deleted [
75 silly reify   '/home/khanyu/bank-app-frontend/node_modules/@esbuild/openbsd-arm64'
75 silly reify ]
76 verbose reify failed optional dependency /home/khanyu/bank-app-frontend/node_modules/@esbuild/netbsd-x64
77 silly reify mark deleted [ '/home/khanyu/bank-app-frontend/node_modules/@esbuild/netbsd-x64' ]
78 verbose reify failed optional dependency /home/khanyu/bank-app-frontend/node_modules/@esbuild/netbsd-arm64
79 silly reify mark deleted [ '/home/khanyu/bank-app-frontend/node_modules/@esbuild/netbsd-arm64' ]
80 verbose reify failed optional dependency /home/khanyu/bank-app-frontend/node_modules/@esbuild/linux-s390x
81 silly reify mark deleted [ '/home/khanyu/bank-app-frontend/node_modules/@esbuild/linux-s390x' ]
82 verbose reify failed optional dependency /home/khanyu/bank-app-frontend/node_modules/@esbuild/linux-riscv64
83 silly reify mark deleted [
83 silly reify   '/home/khanyu/bank-app-frontend/node_modules/@esbuild/linux-riscv64'
83 silly reify ]
84 verbose reify failed optional dependency /home/khanyu/bank-app-frontend/node_modules/@esbuild/linux-ppc64
85 silly reify mark deleted [ '/home/khanyu/bank-app-frontend/node_modules/@esbuild/linux-ppc64' ]
86 verbose reify failed optional dependency /home/khanyu/bank-app-frontend/node_modules/@esbuild/linux-mips64el
87 silly reify mark deleted [
87 silly reify   '/home/khanyu/bank-app-frontend/node_modules/@esbuild/linux-mips64el'
87 silly reify ]
88 verbose reify failed optional dependency /home/khanyu/bank-app-frontend/node_modules/@esbuild/linux-loong64
89 silly reify mark deleted [
89 silly reify   '/home/khanyu/bank-app-frontend/node_modules/@esbuild/linux-loong64'
89 silly reify ]
90 verbose reify failed optional dependency /home/khanyu/bank-app-frontend/node_modules/@esbuild/linux-ia32
91 silly reify mark deleted [ '/home/khanyu/bank-app-frontend/node_modules/@esbuild/linux-ia32' ]
92 verbose reify failed optional dependency /home/khanyu/bank-app-frontend/node_modules/@esbuild/linux-arm64
93 silly reify mark deleted [ '/home/khanyu/bank-app-frontend/node_modules/@esbuild/linux-arm64' ]
94 verbose reify failed optional dependency /home/khanyu/bank-app-frontend/node_modules/@esbuild/linux-arm
95 silly reify mark deleted [ '/home/khanyu/bank-app-frontend/node_modules/@esbuild/linux-arm' ]
96 verbose reify failed optional dependency /home/khanyu/bank-app-frontend/node_modules/@esbuild/freebsd-x64
97 silly reify mark deleted [ '/home/khanyu/bank-app-frontend/node_modules/@esbuild/freebsd-x64' ]
98 verbose reify failed optional dependency /home/khanyu/bank-app-frontend/node_modules/@esbuild/freebsd-arm64
99 silly reify mark deleted [
99 silly reify   '/home/khanyu/bank-app-frontend/node_modules/@esbuild/freebsd-arm64'
99 silly reify ]
100 verbose reify failed optional dependency /home/khanyu/bank-app-frontend/node_modules/@esbuild/darwin-x64
101 silly reify mark deleted [ '/home/khanyu/bank-app-frontend/node_modules/@esbuild/darwin-x64' ]
102 verbose reify failed optional dependency /home/khanyu/bank-app-frontend/node_modules/@esbuild/darwin-arm64
103 silly reify mark deleted [ '/home/khanyu/bank-app-frontend/node_modules/@esbuild/darwin-arm64' ]
104 verbose reify failed optional dependency /home/khanyu/bank-app-frontend/node_modules/@esbuild/android-x64
105 silly reify mark deleted [ '/home/khanyu/bank-app-frontend/node_modules/@esbuild/android-x64' ]
106 verbose reify failed optional dependency /home/khanyu/bank-app-frontend/node_modules/@esbuild/android-arm64
107 silly reify mark deleted [
107 silly reify   '/home/khanyu/bank-app-frontend/node_modules/@esbuild/android-arm64'
107 silly reify ]
108 verbose reify failed optional dependency /home/khanyu/bank-app-frontend/node_modules/@esbuild/android-arm
109 silly reify mark deleted [ '/home/khanyu/bank-app-frontend/node_modules/@esbuild/android-arm' ]
110 verbose reify failed optional dependency /home/khanyu/bank-app-frontend/node_modules/@esbuild/aix-ppc64
111 silly reify mark deleted [ '/home/khanyu/bank-app-frontend/node_modules/@esbuild/aix-ppc64' ]
112 http cache tailwindcss@https://registry.npmjs.org/tailwindcss/-/tailwindcss-4.1.7.tgz 0ms (cache hit)
113 http cache @rollup/rollup-linux-x64-musl@https://registry.npmjs.org/@rollup/rollup-linux-x64-musl/-/rollup-linux-x64-musl-4.40.2.tgz 0ms (cache hit)
114 silly tarball no local data for @rollup/rollup-linux-x64-musl@https://registry.npmjs.org/@rollup/rollup-linux-x64-musl/-/rollup-linux-x64-musl-4.40.2.tgz. Extracting by manifest.
115 http fetch POST 200 https://registry.npmjs.org/-/npm/v1/security/advisories/bulk 418ms
116 silly audit report {}
117 http fetch GET 200 https://registry.npmjs.org/@rollup/rollup-linux-x64-musl/-/rollup-linux-x64-musl-4.40.2.tgz 2494ms (cache miss)
118 silly ADD node_modules/tailwindcss
119 silly ADD node_modules/fsevents
120 silly ADD node_modules/@rollup/rollup-win32-x64-msvc
121 silly ADD node_modules/@rollup/rollup-win32-ia32-msvc
122 silly ADD node_modules/@rollup/rollup-win32-arm64-msvc
123 silly ADD node_modules/@rollup/rollup-linux-x64-musl
124 silly ADD node_modules/@rollup/rollup-linux-s390x-gnu
125 silly ADD node_modules/@rollup/rollup-linux-riscv64-musl
126 silly ADD node_modules/@rollup/rollup-linux-riscv64-gnu
127 silly ADD node_modules/@rollup/rollup-linux-powerpc64le-gnu
128 silly ADD node_modules/@rollup/rollup-linux-loongarch64-gnu
129 silly ADD node_modules/@rollup/rollup-linux-arm64-musl
130 silly ADD node_modules/@rollup/rollup-linux-arm64-gnu
131 silly ADD node_modules/@rollup/rollup-linux-arm-musleabihf
132 silly ADD node_modules/@rollup/rollup-linux-arm-gnueabihf
133 silly ADD node_modules/@rollup/rollup-freebsd-x64
134 silly ADD node_modules/@rollup/rollup-freebsd-arm64
135 silly ADD node_modules/@rollup/rollup-darwin-x64
136 silly ADD node_modules/@rollup/rollup-darwin-arm64
137 silly ADD node_modules/@rollup/rollup-android-arm64
138 silly ADD node_modules/@rollup/rollup-android-arm-eabi
139 silly ADD node_modules/@esbuild/win32-x64
140 silly ADD node_modules/@esbuild/win32-ia32
141 silly ADD node_modules/@esbuild/win32-arm64
142 silly ADD node_modules/@esbuild/sunos-x64
143 silly ADD node_modules/@esbuild/openbsd-x64
144 silly ADD node_modules/@esbuild/openbsd-arm64
145 silly ADD node_modules/@esbuild/netbsd-x64
146 silly ADD node_modules/@esbuild/netbsd-arm64
147 silly ADD node_modules/@esbuild/linux-s390x
148 silly ADD node_modules/@esbuild/linux-riscv64
149 silly ADD node_modules/@esbuild/linux-ppc64
150 silly ADD node_modules/@esbuild/linux-mips64el
151 silly ADD node_modules/@esbuild/linux-loong64
152 silly ADD node_modules/@esbuild/linux-ia32
153 silly ADD node_modules/@esbuild/linux-arm64
154 silly ADD node_modules/@esbuild/linux-arm
155 silly ADD node_modules/@esbuild/freebsd-x64
156 silly ADD node_modules/@esbuild/freebsd-arm64
157 silly ADD node_modules/@esbuild/darwin-x64
158 silly ADD node_modules/@esbuild/darwin-arm64
159 silly ADD node_modules/@esbuild/android-x64
160 silly ADD node_modules/@esbuild/android-arm64
161 silly ADD node_modules/@esbuild/android-arm
162 silly ADD node_modules/@esbuild/aix-ppc64
163 verbose cwd /home/khanyu/bank-app-frontend
164 verbose os Linux 5.15.167.4-microsoft-standard-WSL2
165 verbose node v22.15.0
166 verbose npm  v11.3.0
167 verbose exit 0
168 info ok
