0 verbose cli /home/khanyu/.nvm/versions/node/v22.15.0/bin/node /home/khanyu/.nvm/versions/node/v22.15.0/bin/npm
1 info using npm@11.3.0
2 info using node@v22.15.0
3 silly config load:file:/home/khanyu/.nvm/versions/node/v22.15.0/lib/node_modules/npm/npmrc
4 silly config load:file:/home/khanyu/bank-app-frontend/.npmrc
5 silly config load:file:/home/khanyu/.npmrc
6 silly config load:file:/home/khanyu/.nvm/versions/node/v22.15.0/etc/npmrc
7 verbose title npm install tailwindcss@latest postcss autoprefixer tailwindcss-cli
8 verbose argv "install" "--save-dev" "tailwindcss@latest" "postcss" "autoprefixer" "tailwindcss-cli"
9 verbose logfile logs-max:10 dir:/home/khanyu/.npm/_logs/2025-05-15T22_57_09_892Z-
10 verbose logfile /home/khanyu/.npm/_logs/2025-05-15T22_57_09_892Z-debug-0.log
11 silly logfile start cleaning logs, removing 1 files
12 silly logfile done cleaning log files
13 silly packumentCache heap:1013710848 maxSize:253427712 maxEntrySize:126713856
14 silly packumentCache corgi:https://registry.npmjs.org/tailwindcss cache-miss
15 http fetch GET 200 https://registry.npmjs.org/tailwindcss 3856ms (cache miss)
16 silly packumentCache corgi:https://registry.npmjs.org/tailwindcss set size:undefined disposed:false
17 silly idealTree buildDeps
18 silly fetch manifest autoprefixer@^10.4.21
19 silly packumentCache full:https://registry.npmjs.org/autoprefixer cache-miss
20 http fetch GET 200 https://registry.npmjs.org/autoprefixer 556ms (cache revalidated)
21 silly packumentCache full:https://registry.npmjs.org/autoprefixer set size:1238679 disposed:false
22 silly fetch manifest postcss@^8.5.3
23 silly packumentCache full:https://registry.npmjs.org/postcss cache-miss
24 http fetch GET 200 https://registry.npmjs.org/postcss 299ms (cache revalidated)
25 silly packumentCache full:https://registry.npmjs.org/postcss set size:687240 disposed:false
26 silly fetch manifest tailwindcss@4.1.7
27 silly packumentCache full:https://registry.npmjs.org/tailwindcss cache-miss
28 http fetch GET 200 https://registry.npmjs.org/tailwindcss 510ms (cache revalidated)
29 silly packumentCache full:https://registry.npmjs.org/tailwindcss set size:8974868 disposed:false
30 silly fetch manifest tailwindcss-cli@*
31 silly packumentCache full:https://registry.npmjs.org/tailwindcss-cli cache-miss
32 http fetch GET 200 https://registry.npmjs.org/tailwindcss-cli 863ms (cache miss)
33 silly packumentCache full:https://registry.npmjs.org/tailwindcss-cli set size:undefined disposed:false
34 silly placeDep ROOT autoprefixer@10.4.21 REPLACE for: bank-app-frontend@0.0.0 want: ^10.4.21
35 silly placeDep ROOT postcss@8.5.3 REPLACE for: bank-app-frontend@0.0.0 want: ^8.5.3
36 silly placeDep ROOT tailwindcss@4.1.7 REPLACE for: bank-app-frontend@0.0.0 want: 4.1.7
37 silly placeDep ROOT tailwindcss-cli@0.1.2 OK for: bank-app-frontend@0.0.0 want: *
38 silly fetch manifest tailwindcss@^2.0.1
39 silly packumentCache full:https://registry.npmjs.org/tailwindcss cache-miss
40 http cache https://registry.npmjs.org/tailwindcss 93ms (cache hit)
41 silly packumentCache full:https://registry.npmjs.org/tailwindcss set size:8974868 disposed:false
42 silly fetch manifest autoprefixer@^10.0.2
43 silly packumentCache full:https://registry.npmjs.org/autoprefixer cache-miss
44 http cache https://registry.npmjs.org/autoprefixer 32ms (cache hit)
45 silly packumentCache full:https://registry.npmjs.org/autoprefixer set size:1238679 disposed:false
46 silly fetch manifest postcss@^8.1.8
47 silly packumentCache full:https://registry.npmjs.org/postcss cache-hit
48 silly placeDep node_modules/tailwindcss-cli tailwindcss@2.2.19 OK for: tailwindcss-cli@0.1.2 want: ^2.0.1
49 silly fetch manifest arg@^5.0.1
50 silly packumentCache full:https://registry.npmjs.org/arg cache-miss
51 http fetch GET 200 https://registry.npmjs.org/arg 298ms (cache miss)
52 silly packumentCache full:https://registry.npmjs.org/arg set size:undefined disposed:false
53 silly fetch manifest dlv@^1.1.3
54 silly packumentCache full:https://registry.npmjs.org/dlv cache-miss
55 http fetch GET 200 https://registry.npmjs.org/dlv 365ms (cache miss)
56 silly packumentCache full:https://registry.npmjs.org/dlv set size:undefined disposed:false
57 silly fetch manifest tmp@^0.2.1
58 silly packumentCache full:https://registry.npmjs.org/tmp cache-miss
59 http fetch GET 200 https://registry.npmjs.org/tmp 354ms (cache miss)
60 silly packumentCache full:https://registry.npmjs.org/tmp set size:undefined disposed:false
61 silly fetch manifest color@^4.0.1
62 silly packumentCache full:https://registry.npmjs.org/color cache-miss
63 http fetch GET 200 https://registry.npmjs.org/color 361ms (cache miss)
64 silly packumentCache full:https://registry.npmjs.org/color set size:undefined disposed:false
65 silly fetch manifest lodash@^4.17.21
66 silly packumentCache full:https://registry.npmjs.org/lodash cache-miss
67 http fetch GET 200 https://registry.npmjs.org/lodash 584ms (cache miss)
68 silly packumentCache full:https://registry.npmjs.org/lodash set size:undefined disposed:false
69 silly fetch manifest resolve@^1.20.0
70 silly packumentCache full:https://registry.npmjs.org/resolve cache-miss
71 http fetch GET 200 https://registry.npmjs.org/resolve 396ms (cache miss)
72 silly packumentCache full:https://registry.npmjs.org/resolve set size:undefined disposed:false
73 silly fetch manifest chokidar@^3.5.2
74 silly packumentCache full:https://registry.npmjs.org/chokidar cache-miss
75 http fetch GET 200 https://registry.npmjs.org/chokidar 374ms (cache miss)
76 silly packumentCache full:https://registry.npmjs.org/chokidar set size:undefined disposed:false
77 silly fetch manifest fs-extra@^10.0.0
78 silly packumentCache full:https://registry.npmjs.org/fs-extra cache-miss
79 http fetch GET 200 https://registry.npmjs.org/fs-extra 293ms (cache miss)
80 silly packumentCache full:https://registry.npmjs.org/fs-extra set size:undefined disposed:false
81 silly fetch manifest purgecss@^4.0.3
82 silly packumentCache full:https://registry.npmjs.org/purgecss cache-miss
83 http fetch GET 200 https://registry.npmjs.org/purgecss 557ms (cache miss)
84 silly packumentCache full:https://registry.npmjs.org/purgecss set size:undefined disposed:false
85 silly fetch manifest detective@^5.2.0
86 silly packumentCache full:https://registry.npmjs.org/detective cache-miss
87 http fetch GET 200 https://registry.npmjs.org/detective 364ms (cache miss)
88 silly packumentCache full:https://registry.npmjs.org/detective set size:undefined disposed:false
89 silly fetch manifest html-tags@^3.1.0
90 silly packumentCache full:https://registry.npmjs.org/html-tags cache-miss
91 http fetch GET 200 https://registry.npmjs.org/html-tags -1132ms (cache miss)
92 silly packumentCache full:https://registry.npmjs.org/html-tags set size:undefined disposed:false
93 silly fetch manifest quick-lru@^5.1.1
94 silly packumentCache full:https://registry.npmjs.org/quick-lru cache-miss
95 http fetch GET 200 https://registry.npmjs.org/quick-lru 4438ms (cache miss)
96 silly packumentCache full:https://registry.npmjs.org/quick-lru set size:undefined disposed:false
97 silly fetch manifest didyoumean@^1.2.2
98 silly packumentCache full:https://registry.npmjs.org/didyoumean cache-miss
99 http fetch GET 200 https://registry.npmjs.org/didyoumean 557ms (cache miss)
100 silly packumentCache full:https://registry.npmjs.org/didyoumean set size:undefined disposed:false
101 silly fetch manifest node-emoji@^1.11.0
102 silly packumentCache full:https://registry.npmjs.org/node-emoji cache-miss
103 http fetch GET 200 https://registry.npmjs.org/node-emoji 379ms (cache miss)
104 silly packumentCache full:https://registry.npmjs.org/node-emoji set size:undefined disposed:false
105 silly fetch manifest postcss-js@^3.0.3
106 silly packumentCache full:https://registry.npmjs.org/postcss-js cache-miss
107 http fetch GET 200 https://registry.npmjs.org/postcss-js 364ms (cache miss)
108 silly packumentCache full:https://registry.npmjs.org/postcss-js set size:undefined disposed:false
109 silly fetch manifest cosmiconfig@^7.0.1
110 silly packumentCache full:https://registry.npmjs.org/cosmiconfig cache-miss
111 http fetch GET 200 https://registry.npmjs.org/cosmiconfig 382ms (cache miss)
112 silly packumentCache full:https://registry.npmjs.org/cosmiconfig set size:undefined disposed:false
113 silly fetch manifest object-hash@^2.2.0
114 silly packumentCache full:https://registry.npmjs.org/object-hash cache-miss
115 http fetch GET 200 https://registry.npmjs.org/object-hash 552ms (cache miss)
116 silly packumentCache full:https://registry.npmjs.org/object-hash set size:undefined disposed:false
117 silly fetch manifest is-color-stop@^1.1.0
118 silly packumentCache full:https://registry.npmjs.org/is-color-stop cache-miss
119 http fetch GET 200 https://registry.npmjs.org/is-color-stop 357ms (cache miss)
120 silly packumentCache full:https://registry.npmjs.org/is-color-stop set size:undefined disposed:false
121 silly fetch manifest lodash.topath@^4.5.2
122 silly packumentCache full:https://registry.npmjs.org/lodash.topath cache-miss
123 http fetch GET 200 https://registry.npmjs.org/lodash.topath 202ms (cache miss)
124 silly packumentCache full:https://registry.npmjs.org/lodash.topath set size:undefined disposed:false
125 silly fetch manifest pretty-hrtime@^1.0.3
126 silly packumentCache full:https://registry.npmjs.org/pretty-hrtime cache-miss
127 http fetch GET 200 https://registry.npmjs.org/pretty-hrtime 361ms (cache miss)
128 silly packumentCache full:https://registry.npmjs.org/pretty-hrtime set size:undefined disposed:false
129 silly fetch manifest normalize-path@^3.0.0
130 silly packumentCache full:https://registry.npmjs.org/normalize-path cache-miss
131 http fetch GET 200 https://registry.npmjs.org/normalize-path 185ms (cache miss)
132 silly packumentCache full:https://registry.npmjs.org/normalize-path set size:undefined disposed:false
133 silly fetch manifest postcss-nested@5.0.6
134 silly packumentCache full:https://registry.npmjs.org/postcss-nested cache-miss
135 http fetch GET 200 https://registry.npmjs.org/postcss-nested 556ms (cache miss)
136 silly packumentCache full:https://registry.npmjs.org/postcss-nested set size:undefined disposed:false
137 silly fetch manifest reduce-css-calc@^2.1.8
138 silly packumentCache full:https://registry.npmjs.org/reduce-css-calc cache-miss
139 http fetch GET 200 https://registry.npmjs.org/reduce-css-calc 370ms (cache miss)
140 silly packumentCache full:https://registry.npmjs.org/reduce-css-calc set size:undefined disposed:false
141 silly fetch manifest modern-normalize@^1.1.0
142 silly packumentCache full:https://registry.npmjs.org/modern-normalize cache-miss
143 http fetch GET 200 https://registry.npmjs.org/modern-normalize 743ms (cache miss)
144 silly packumentCache full:https://registry.npmjs.org/modern-normalize set size:undefined disposed:false
145 silly fetch manifest postcss-load-config@^3.1.0
146 silly packumentCache full:https://registry.npmjs.org/postcss-load-config cache-miss
147 http fetch GET 200 https://registry.npmjs.org/postcss-load-config 567ms (cache miss)
148 silly packumentCache full:https://registry.npmjs.org/postcss-load-config set size:undefined disposed:false
149 silly fetch manifest postcss-selector-parser@^6.0.6
150 silly packumentCache full:https://registry.npmjs.org/postcss-selector-parser cache-miss
151 http fetch GET 200 https://registry.npmjs.org/postcss-selector-parser 372ms (cache miss)
152 silly packumentCache full:https://registry.npmjs.org/postcss-selector-parser set size:undefined disposed:false
153 silly fetch manifest postcss@^8.0.9
154 silly packumentCache full:https://registry.npmjs.org/postcss cache-hit
155 silly fetch manifest ts-node@>=9.0.0
156 silly packumentCache full:https://registry.npmjs.org/ts-node cache-miss
157 http fetch GET 200 https://registry.npmjs.org/ts-node 297ms (cache miss)
158 silly packumentCache full:https://registry.npmjs.org/ts-node set size:undefined disposed:false
159 silly fetch manifest @swc/core@>=1.2.50
160 silly packumentCache full:https://registry.npmjs.org/@swc%2fcore cache-miss
161 http fetch GET 200 https://registry.npmjs.org/@swc%2fcore 684ms (cache miss)
162 silly packumentCache full:https://registry.npmjs.org/@swc%2fcore set size:undefined disposed:false
163 silly fetch manifest @swc/helpers@>=0.5.17
164 silly packumentCache full:https://registry.npmjs.org/@swc%2fhelpers cache-miss
165 http fetch GET 200 https://registry.npmjs.org/@swc%2fhelpers 304ms (cache miss)
166 silly packumentCache full:https://registry.npmjs.org/@swc%2fhelpers set size:undefined disposed:false
167 silly fetch manifest @swc/wasm@>=1.2.50
168 silly packumentCache full:https://registry.npmjs.org/@swc%2fwasm cache-miss
169 http fetch GET 200 https://registry.npmjs.org/@swc%2fwasm 380ms (cache miss)
170 silly packumentCache full:https://registry.npmjs.org/@swc%2fwasm set size:undefined disposed:false
171 silly fetch manifest @types/node@*
172 silly packumentCache full:https://registry.npmjs.org/@types%2fnode cache-miss
173 http fetch GET 200 https://registry.npmjs.org/@types%2fnode 463ms (cache revalidated)
174 silly packumentCache full:https://registry.npmjs.org/@types%2fnode set size:10061282 disposed:false
175 silly fetch manifest typescript@>=2.7
176 silly packumentCache full:https://registry.npmjs.org/typescript cache-miss
177 http fetch GET 200 https://registry.npmjs.org/typescript 933ms (cache revalidated)
178 silly packumentCache full:https://registry.npmjs.org/typescript set size:14187817 disposed:false
179 silly placeDep ROOT arg@5.0.2 OK for: tailwindcss@2.2.19 want: ^5.0.1
180 silly placeDep ROOT chokidar@3.6.0 OK for: tailwindcss@2.2.19 want: ^3.5.2
181 silly placeDep ROOT color@4.2.3 OK for: tailwindcss@2.2.19 want: ^4.0.1
182 silly placeDep ROOT cosmiconfig@7.1.0 OK for: tailwindcss@2.2.19 want: ^7.0.1
183 silly placeDep ROOT detective@5.2.1 OK for: tailwindcss@2.2.19 want: ^5.2.0
184 silly placeDep ROOT didyoumean@1.2.2 OK for: tailwindcss@2.2.19 want: ^1.2.2
185 silly placeDep ROOT dlv@1.1.3 OK for: tailwindcss@2.2.19 want: ^1.1.3
186 silly placeDep ROOT fs-extra@10.1.0 OK for: tailwindcss@2.2.19 want: ^10.0.0
187 silly placeDep ROOT html-tags@3.3.1 OK for: tailwindcss@2.2.19 want: ^3.1.0
188 silly placeDep ROOT is-color-stop@1.1.0 OK for: tailwindcss@2.2.19 want: ^1.1.0
189 silly placeDep ROOT lodash@4.17.21 OK for: tailwindcss@2.2.19 want: ^4.17.21
190 silly placeDep ROOT lodash.topath@4.5.2 OK for: tailwindcss@2.2.19 want: ^4.5.2
191 silly placeDep ROOT modern-normalize@1.1.0 OK for: tailwindcss@2.2.19 want: ^1.1.0
192 silly placeDep ROOT node-emoji@1.11.0 OK for: tailwindcss@2.2.19 want: ^1.11.0
193 silly placeDep ROOT normalize-path@3.0.0 OK for: tailwindcss@2.2.19 want: ^3.0.0
194 silly placeDep ROOT object-hash@2.2.0 OK for: tailwindcss@2.2.19 want: ^2.2.0
195 silly placeDep ROOT postcss-js@3.0.3 OK for: tailwindcss@2.2.19 want: ^3.0.3
196 silly placeDep ROOT postcss-load-config@3.1.4 OK for: tailwindcss@2.2.19 want: ^3.1.0
197 silly placeDep ROOT postcss-nested@5.0.6 OK for: tailwindcss@2.2.19 want: 5.0.6
198 silly placeDep ROOT postcss-selector-parser@6.1.2 OK for: tailwindcss@2.2.19 want: ^6.0.6
199 silly placeDep ROOT pretty-hrtime@1.0.3 OK for: tailwindcss@2.2.19 want: ^1.0.3
200 silly placeDep ROOT purgecss@4.1.3 OK for: tailwindcss@2.2.19 want: ^4.0.3
201 silly placeDep ROOT quick-lru@5.1.1 OK for: tailwindcss@2.2.19 want: ^5.1.1
202 silly placeDep ROOT reduce-css-calc@2.1.8 OK for: tailwindcss@2.2.19 want: ^2.1.8
203 silly placeDep ROOT resolve@1.22.10 OK for: tailwindcss@2.2.19 want: ^1.20.0
204 silly placeDep ROOT tmp@0.2.3 OK for: tailwindcss@2.2.19 want: ^0.2.1
205 silly fetch manifest anymatch@~3.1.2
206 silly packumentCache full:https://registry.npmjs.org/anymatch cache-miss
207 http fetch GET 200 https://registry.npmjs.org/anymatch 384ms (cache miss)
208 silly packumentCache full:https://registry.npmjs.org/anymatch set size:undefined disposed:false
209 silly fetch manifest readdirp@~3.6.0
210 silly packumentCache full:https://registry.npmjs.org/readdirp cache-miss
211 http fetch GET 200 https://registry.npmjs.org/readdirp 372ms (cache miss)
212 silly packumentCache full:https://registry.npmjs.org/readdirp set size:undefined disposed:false
213 silly fetch manifest glob-parent@~5.1.2
214 silly packumentCache full:https://registry.npmjs.org/glob-parent cache-miss
215 http fetch GET 200 https://registry.npmjs.org/glob-parent 514ms (cache revalidated)
216 silly packumentCache full:https://registry.npmjs.org/glob-parent set size:42445 disposed:false
217 silly fetch manifest is-binary-path@~2.1.0
218 silly packumentCache full:https://registry.npmjs.org/is-binary-path cache-miss
219 http fetch GET 200 https://registry.npmjs.org/is-binary-path 379ms (cache miss)
220 silly packumentCache full:https://registry.npmjs.org/is-binary-path set size:undefined disposed:false
221 silly fetch manifest normalize-path@~3.0.0
222 silly packumentCache full:https://registry.npmjs.org/normalize-path cache-miss
223 http cache https://registry.npmjs.org/normalize-path 21ms (cache hit)
224 silly packumentCache full:https://registry.npmjs.org/normalize-path set size:28713 disposed:false
225 silly fetch manifest color-string@^1.9.0
226 silly packumentCache full:https://registry.npmjs.org/color-string cache-miss
227 http fetch GET 200 https://registry.npmjs.org/color-string 352ms (cache miss)
228 silly packumentCache full:https://registry.npmjs.org/color-string set size:undefined disposed:false
229 silly fetch manifest @types/parse-json@^4.0.0
230 silly packumentCache full:https://registry.npmjs.org/@types%2fparse-json cache-miss
231 http fetch GET 200 https://registry.npmjs.org/@types%2fparse-json 380ms (cache miss)
232 silly packumentCache full:https://registry.npmjs.org/@types%2fparse-json set size:undefined disposed:false
233 silly fetch manifest parse-json@^5.0.0
234 silly packumentCache full:https://registry.npmjs.org/parse-json cache-miss
235 http fetch GET 200 https://registry.npmjs.org/parse-json 583ms (cache miss)
236 silly packumentCache full:https://registry.npmjs.org/parse-json set size:undefined disposed:false
237 silly fetch manifest path-type@^4.0.0
238 silly packumentCache full:https://registry.npmjs.org/path-type cache-miss
239 http fetch GET 200 https://registry.npmjs.org/path-type 331ms (cache miss)
240 silly packumentCache full:https://registry.npmjs.org/path-type set size:undefined disposed:false
241 silly fetch manifest yaml@^1.10.0
242 silly packumentCache full:https://registry.npmjs.org/yaml cache-miss
243 http fetch GET 200 https://registry.npmjs.org/yaml 374ms (cache revalidated)
244 silly packumentCache full:https://registry.npmjs.org/yaml set size:357940 disposed:false
245 silly fetch manifest acorn-node@^1.8.2
246 silly packumentCache full:https://registry.npmjs.org/acorn-node cache-miss
247 http fetch GET 200 https://registry.npmjs.org/acorn-node 377ms (cache miss)
248 silly packumentCache full:https://registry.npmjs.org/acorn-node set size:undefined disposed:false
249 silly fetch manifest defined@^1.0.0
250 silly packumentCache full:https://registry.npmjs.org/defined cache-miss
251 http fetch GET 200 https://registry.npmjs.org/defined 541ms (cache miss)
252 silly packumentCache full:https://registry.npmjs.org/defined set size:undefined disposed:false
253 silly fetch manifest minimist@^1.2.6
254 silly packumentCache full:https://registry.npmjs.org/minimist cache-miss
255 http fetch GET 200 https://registry.npmjs.org/minimist 378ms (cache miss)
256 silly packumentCache full:https://registry.npmjs.org/minimist set size:undefined disposed:false
257 silly fetch manifest jsonfile@^6.0.1
258 silly packumentCache full:https://registry.npmjs.org/jsonfile cache-miss
259 http fetch GET 200 https://registry.npmjs.org/jsonfile 377ms (cache miss)
260 silly packumentCache full:https://registry.npmjs.org/jsonfile set size:undefined disposed:false
261 silly fetch manifest graceful-fs@^4.2.0
262 silly packumentCache full:https://registry.npmjs.org/graceful-fs cache-miss
263 http fetch GET 200 https://registry.npmjs.org/graceful-fs 367ms (cache miss)
264 silly packumentCache full:https://registry.npmjs.org/graceful-fs set size:undefined disposed:false
265 silly fetch manifest universalify@^2.0.0
266 silly packumentCache full:https://registry.npmjs.org/universalify cache-miss
267 http fetch GET 200 https://registry.npmjs.org/universalify 561ms (cache miss)
268 silly packumentCache full:https://registry.npmjs.org/universalify set size:undefined disposed:false
269 silly fetch manifest css-color-names@^0.0.4
270 silly packumentCache full:https://registry.npmjs.org/css-color-names cache-miss
271 http fetch GET 200 https://registry.npmjs.org/css-color-names 226ms (cache miss)
272 silly packumentCache full:https://registry.npmjs.org/css-color-names set size:undefined disposed:false
273 silly fetch manifest hex-color-regex@^1.1.0
274 silly packumentCache full:https://registry.npmjs.org/hex-color-regex cache-miss
275 http fetch GET 200 https://registry.npmjs.org/hex-color-regex 425ms (cache miss)
276 silly packumentCache full:https://registry.npmjs.org/hex-color-regex set size:undefined disposed:false
277 silly fetch manifest hsl-regex@^1.0.0
278 silly packumentCache full:https://registry.npmjs.org/hsl-regex cache-miss
279 http fetch GET 200 https://registry.npmjs.org/hsl-regex 211ms (cache miss)
280 silly packumentCache full:https://registry.npmjs.org/hsl-regex set size:undefined disposed:false
281 silly fetch manifest hsla-regex@^1.0.0
282 silly packumentCache full:https://registry.npmjs.org/hsla-regex cache-miss
283 http fetch GET 200 https://registry.npmjs.org/hsla-regex 256ms (cache miss)
284 silly packumentCache full:https://registry.npmjs.org/hsla-regex set size:undefined disposed:false
285 silly fetch manifest rgb-regex@^1.0.1
286 silly packumentCache full:https://registry.npmjs.org/rgb-regex cache-miss
287 http fetch GET 200 https://registry.npmjs.org/rgb-regex 554ms (cache miss)
288 silly packumentCache full:https://registry.npmjs.org/rgb-regex set size:undefined disposed:false
289 silly fetch manifest rgba-regex@^1.0.0
290 silly packumentCache full:https://registry.npmjs.org/rgba-regex cache-miss
291 http fetch GET 200 https://registry.npmjs.org/rgba-regex 371ms (cache miss)
292 silly packumentCache full:https://registry.npmjs.org/rgba-regex set size:undefined disposed:false
293 silly fetch manifest camelcase-css@^2.0.1
294 silly packumentCache full:https://registry.npmjs.org/camelcase-css cache-miss
295 http fetch GET 200 https://registry.npmjs.org/camelcase-css 372ms (cache miss)
296 silly packumentCache full:https://registry.npmjs.org/camelcase-css set size:undefined disposed:false
297 silly fetch manifest yaml@^1.10.2
298 silly packumentCache full:https://registry.npmjs.org/yaml cache-hit
299 silly fetch manifest lilconfig@^2.0.5
300 silly packumentCache full:https://registry.npmjs.org/lilconfig cache-miss
301 http fetch GET 200 https://registry.npmjs.org/lilconfig 369ms (cache miss)
302 silly packumentCache full:https://registry.npmjs.org/lilconfig set size:undefined disposed:false
303 silly fetch manifest cssesc@^3.0.0
304 silly packumentCache full:https://registry.npmjs.org/cssesc cache-miss
305 http fetch GET 200 https://registry.npmjs.org/cssesc 552ms (cache miss)
306 silly packumentCache full:https://registry.npmjs.org/cssesc set size:undefined disposed:false
307 silly fetch manifest util-deprecate@^1.0.2
308 silly packumentCache full:https://registry.npmjs.org/util-deprecate cache-miss
309 http fetch GET 200 https://registry.npmjs.org/util-deprecate 370ms (cache miss)
310 silly packumentCache full:https://registry.npmjs.org/util-deprecate set size:undefined disposed:false
311 silly fetch manifest glob@^7.1.7
312 silly packumentCache full:https://registry.npmjs.org/glob cache-miss
313 http fetch GET 200 https://registry.npmjs.org/glob 387ms (cache miss)
314 silly packumentCache full:https://registry.npmjs.org/glob set size:undefined disposed:false
315 silly fetch manifest commander@^8.0.0
316 silly packumentCache full:https://registry.npmjs.org/commander cache-miss
317 http fetch GET 200 https://registry.npmjs.org/commander 391ms (cache miss)
318 silly packumentCache full:https://registry.npmjs.org/commander set size:undefined disposed:false
319 silly fetch manifest css-unit-converter@^1.1.1
320 silly packumentCache full:https://registry.npmjs.org/css-unit-converter cache-miss
321 http fetch GET 200 https://registry.npmjs.org/css-unit-converter 654ms (cache miss)
322 silly packumentCache full:https://registry.npmjs.org/css-unit-converter set size:undefined disposed:false
323 silly fetch manifest postcss-value-parser@^3.3.0
324 silly packumentCache full:https://registry.npmjs.org/postcss-value-parser cache-miss
325 http fetch GET 200 https://registry.npmjs.org/postcss-value-parser 365ms (cache revalidated)
326 silly packumentCache full:https://registry.npmjs.org/postcss-value-parser set size:73484 disposed:false
327 silly fetch manifest is-core-module@^2.16.0
328 silly packumentCache full:https://registry.npmjs.org/is-core-module cache-miss
329 http fetch GET 200 https://registry.npmjs.org/is-core-module 377ms (cache miss)
330 silly packumentCache full:https://registry.npmjs.org/is-core-module set size:undefined disposed:false
331 silly fetch manifest path-parse@^1.0.7
332 silly packumentCache full:https://registry.npmjs.org/path-parse cache-miss
333 http fetch GET 200 https://registry.npmjs.org/path-parse 371ms (cache miss)
334 silly packumentCache full:https://registry.npmjs.org/path-parse set size:undefined disposed:false
335 silly fetch manifest supports-preserve-symlinks-flag@^1.0.0
336 silly packumentCache full:https://registry.npmjs.org/supports-preserve-symlinks-flag cache-miss
337 http fetch GET 200 https://registry.npmjs.org/supports-preserve-symlinks-flag 374ms (cache miss)
338 silly packumentCache full:https://registry.npmjs.org/supports-preserve-symlinks-flag set size:undefined disposed:false
339 silly placeDep ROOT anymatch@3.1.3 OK for: chokidar@3.6.0 want: ~3.1.2
340 silly placeDep node_modules/chokidar glob-parent@5.1.2 OK for: chokidar@3.6.0 want: ~5.1.2
341 silly placeDep ROOT is-binary-path@2.1.0 OK for: chokidar@3.6.0 want: ~2.1.0
342 silly placeDep ROOT readdirp@3.6.0 OK for: chokidar@3.6.0 want: ~3.6.0
343 silly fetch manifest binary-extensions@^2.0.0
344 silly packumentCache full:https://registry.npmjs.org/binary-extensions cache-miss
345 http fetch GET 200 https://registry.npmjs.org/binary-extensions 351ms (cache miss)
346 silly packumentCache full:https://registry.npmjs.org/binary-extensions set size:undefined disposed:false
347 silly placeDep ROOT color-string@1.9.1 OK for: color@4.2.3 want: ^1.9.0
348 silly fetch manifest simple-swizzle@^0.2.2
349 silly packumentCache full:https://registry.npmjs.org/simple-swizzle cache-miss
350 http fetch GET 200 https://registry.npmjs.org/simple-swizzle 349ms (cache miss)
351 silly packumentCache full:https://registry.npmjs.org/simple-swizzle set size:undefined disposed:false
352 silly placeDep ROOT simple-swizzle@0.2.2 OK for: color-string@1.9.1 want: ^0.2.2
353 silly fetch manifest is-arrayish@^0.3.1
354 silly packumentCache full:https://registry.npmjs.org/is-arrayish cache-miss
355 http fetch GET 200 https://registry.npmjs.org/is-arrayish 371ms (cache miss)
356 silly packumentCache full:https://registry.npmjs.org/is-arrayish set size:undefined disposed:false
357 silly placeDep ROOT @types/parse-json@4.0.2 OK for: cosmiconfig@7.1.0 want: ^4.0.0
358 silly placeDep ROOT parse-json@5.2.0 OK for: cosmiconfig@7.1.0 want: ^5.0.0
359 silly placeDep ROOT path-type@4.0.0 OK for: cosmiconfig@7.1.0 want: ^4.0.0
360 silly placeDep ROOT yaml@1.10.2 OK for: cosmiconfig@7.1.0 want: ^1.10.0
361 silly fetch manifest error-ex@^1.3.1
362 silly packumentCache full:https://registry.npmjs.org/error-ex cache-miss
363 http fetch GET 200 https://registry.npmjs.org/error-ex 534ms (cache miss)
364 silly packumentCache full:https://registry.npmjs.org/error-ex set size:undefined disposed:false
365 silly fetch manifest lines-and-columns@^1.1.6
366 silly packumentCache full:https://registry.npmjs.org/lines-and-columns cache-miss
367 http fetch GET 200 https://registry.npmjs.org/lines-and-columns 376ms (cache miss)
368 silly packumentCache full:https://registry.npmjs.org/lines-and-columns set size:undefined disposed:false
369 silly fetch manifest json-parse-even-better-errors@^2.3.0
370 silly packumentCache full:https://registry.npmjs.org/json-parse-even-better-errors cache-miss
371 http fetch GET 200 https://registry.npmjs.org/json-parse-even-better-errors 369ms (cache miss)
372 silly packumentCache full:https://registry.npmjs.org/json-parse-even-better-errors set size:undefined disposed:false
373 silly placeDep ROOT acorn-node@1.8.2 OK for: detective@5.2.1 want: ^1.8.2
374 silly placeDep ROOT defined@1.0.1 OK for: detective@5.2.1 want: ^1.0.0
375 silly placeDep ROOT minimist@1.2.8 OK for: detective@5.2.1 want: ^1.2.6
376 silly fetch manifest acorn@^7.0.0
377 silly packumentCache full:https://registry.npmjs.org/acorn cache-miss
378 http fetch GET 200 https://registry.npmjs.org/acorn 340ms (cache revalidated)
379 silly packumentCache full:https://registry.npmjs.org/acorn set size:375743 disposed:false
380 silly fetch manifest acorn-walk@^7.0.0
381 silly packumentCache full:https://registry.npmjs.org/acorn-walk cache-miss
382 http fetch GET 200 https://registry.npmjs.org/acorn-walk 368ms (cache miss)
383 silly packumentCache full:https://registry.npmjs.org/acorn-walk set size:undefined disposed:false
384 silly fetch manifest xtend@^4.0.2
385 silly packumentCache full:https://registry.npmjs.org/xtend cache-miss
386 http fetch GET 200 https://registry.npmjs.org/xtend 636ms (cache miss)
387 silly packumentCache full:https://registry.npmjs.org/xtend set size:undefined disposed:false
388 silly placeDep node_modules/acorn-node acorn@7.4.1 OK for: acorn-node@1.8.2 want: ^7.0.0
389 silly placeDep ROOT acorn-walk@7.2.0 OK for: acorn-node@1.8.2 want: ^7.0.0
390 silly placeDep ROOT xtend@4.0.2 OK for: acorn-node@1.8.2 want: ^4.0.2
391 silly placeDep ROOT graceful-fs@4.2.11 OK for: fs-extra@10.1.0 want: ^4.2.0
392 silly placeDep ROOT jsonfile@6.1.0 OK for: fs-extra@10.1.0 want: ^6.0.1
393 silly placeDep ROOT universalify@2.0.1 OK for: fs-extra@10.1.0 want: ^2.0.0
394 silly placeDep ROOT binary-extensions@2.3.0 OK for: is-binary-path@2.1.0 want: ^2.0.0
395 silly placeDep ROOT css-color-names@0.0.4 OK for: is-color-stop@1.1.0 want: ^0.0.4
396 silly placeDep ROOT hex-color-regex@1.1.0 OK for: is-color-stop@1.1.0 want: ^1.1.0
397 silly placeDep ROOT hsl-regex@1.0.0 OK for: is-color-stop@1.1.0 want: ^1.0.0
398 silly placeDep ROOT hsla-regex@1.0.0 OK for: is-color-stop@1.1.0 want: ^1.0.0
399 silly placeDep ROOT rgb-regex@1.0.1 OK for: is-color-stop@1.1.0 want: ^1.0.1
400 silly placeDep ROOT rgba-regex@1.0.0 OK for: is-color-stop@1.1.0 want: ^1.0.0
401 silly placeDep ROOT error-ex@1.3.2 OK for: parse-json@5.2.0 want: ^1.3.1
402 silly placeDep ROOT json-parse-even-better-errors@2.3.1 OK for: parse-json@5.2.0 want: ^2.3.0
403 silly placeDep ROOT lines-and-columns@1.2.4 OK for: parse-json@5.2.0 want: ^1.1.6
404 silly fetch manifest is-arrayish@^0.2.1
405 silly packumentCache full:https://registry.npmjs.org/is-arrayish cache-miss
406 http cache https://registry.npmjs.org/is-arrayish 19ms (cache hit)
407 silly packumentCache full:https://registry.npmjs.org/is-arrayish set size:13422 disposed:false
408 silly placeDep ROOT is-arrayish@0.2.1 OK for: error-ex@1.3.2 want: ^0.2.1
409 silly placeDep ROOT camelcase-css@2.0.1 OK for: postcss-js@3.0.3 want: ^2.0.1
410 silly placeDep ROOT lilconfig@2.1.0 OK for: postcss-load-config@3.1.4 want: ^2.0.5
411 silly placeDep ROOT cssesc@3.0.0 OK for: postcss-selector-parser@6.1.2 want: ^3.0.0
412 silly placeDep ROOT util-deprecate@1.0.2 OK for: postcss-selector-parser@6.1.2 want: ^1.0.2
413 silly placeDep ROOT commander@8.3.0 OK for: purgecss@4.1.3 want: ^8.0.0
414 silly placeDep ROOT glob@7.2.3 OK for: purgecss@4.1.3 want: ^7.1.7
415 silly fetch manifest inflight@^1.0.4
416 silly packumentCache full:https://registry.npmjs.org/inflight cache-miss
417 http fetch GET 200 https://registry.npmjs.org/inflight 216ms (cache miss)
418 silly packumentCache full:https://registry.npmjs.org/inflight set size:undefined disposed:false
419 silly fetch manifest fs.realpath@^1.0.0
420 silly packumentCache full:https://registry.npmjs.org/fs.realpath cache-miss
421 http fetch GET 200 https://registry.npmjs.org/fs.realpath 372ms (cache miss)
422 silly packumentCache full:https://registry.npmjs.org/fs.realpath set size:undefined disposed:false
423 silly fetch manifest path-is-absolute@^1.0.0
424 silly packumentCache full:https://registry.npmjs.org/path-is-absolute cache-miss
425 http fetch GET 200 https://registry.npmjs.org/path-is-absolute 387ms (cache miss)
426 silly packumentCache full:https://registry.npmjs.org/path-is-absolute set size:undefined disposed:false
427 silly placeDep ROOT fs.realpath@1.0.0 OK for: glob@7.2.3 want: ^1.0.0
428 silly placeDep ROOT inflight@1.0.6 OK for: glob@7.2.3 want: ^1.0.4
429 silly placeDep ROOT path-is-absolute@1.0.1 OK for: glob@7.2.3 want: ^1.0.0
430 silly placeDep ROOT css-unit-converter@1.1.2 OK for: reduce-css-calc@2.1.8 want: ^1.1.1
431 silly placeDep node_modules/reduce-css-calc postcss-value-parser@3.3.1 OK for: reduce-css-calc@2.1.8 want: ^3.3.0
432 silly placeDep ROOT is-core-module@2.16.1 OK for: resolve@1.22.10 want: ^2.16.0
433 silly placeDep ROOT path-parse@1.0.7 OK for: resolve@1.22.10 want: ^1.0.7
434 silly placeDep ROOT supports-preserve-symlinks-flag@1.0.0 OK for: resolve@1.22.10 want: ^1.0.0
435 silly placeDep node_modules/simple-swizzle is-arrayish@0.3.2 OK for: simple-swizzle@0.2.2 want: ^0.3.1
436 silly fetch manifest yaml@^2.4.2
437 silly packumentCache full:https://registry.npmjs.org/yaml cache-hit
438 silly placeDep ROOT yaml@2.8.0 REPLACE for: vite@6.3.5 want: ^2.4.2
439 silly placeDep node_modules/cosmiconfig yaml@1.10.2 OK for: cosmiconfig@7.1.0 want: ^1.10.0
440 silly placeDep node_modules/postcss-load-config yaml@1.10.2 OK for: postcss-load-config@3.1.4 want: ^1.10.2
441 silly reify moves {}
442 silly audit bulk request {
442 silly audit   '@ampproject/remapping': [ '2.3.0' ],
442 silly audit   '@babel/code-frame': [ '7.27.1' ],
442 silly audit   '@babel/compat-data': [ '7.27.2' ],
442 silly audit   '@babel/core': [ '7.27.1' ],
442 silly audit   '@babel/generator': [ '7.27.1' ],
442 silly audit   '@babel/helper-compilation-targets': [ '7.27.2' ],
442 silly audit   '@babel/helper-module-imports': [ '7.27.1' ],
442 silly audit   '@babel/helper-module-transforms': [ '7.27.1' ],
442 silly audit   '@babel/helper-plugin-utils': [ '7.27.1' ],
442 silly audit   '@babel/helper-string-parser': [ '7.27.1' ],
442 silly audit   '@babel/helper-validator-identifier': [ '7.27.1' ],
442 silly audit   '@babel/helper-validator-option': [ '7.27.1' ],
442 silly audit   '@babel/helpers': [ '7.27.1' ],
442 silly audit   '@babel/parser': [ '7.27.2' ],
442 silly audit   '@babel/plugin-transform-react-jsx-self': [ '7.27.1' ],
442 silly audit   '@babel/plugin-transform-react-jsx-source': [ '7.27.1' ],
442 silly audit   '@babel/template': [ '7.27.2' ],
442 silly audit   '@babel/traverse': [ '7.27.1' ],
442 silly audit   globals: [ '11.12.0', '14.0.0', '16.1.0' ],
442 silly audit   '@babel/types': [ '7.27.1' ],
442 silly audit   '@esbuild/aix-ppc64': [ '0.25.4' ],
442 silly audit   '@esbuild/android-arm': [ '0.25.4' ],
442 silly audit   '@esbuild/android-arm64': [ '0.25.4' ],
442 silly audit   '@esbuild/android-x64': [ '0.25.4' ],
442 silly audit   '@esbuild/darwin-arm64': [ '0.25.4' ],
442 silly audit   '@esbuild/darwin-x64': [ '0.25.4' ],
442 silly audit   '@esbuild/freebsd-arm64': [ '0.25.4' ],
442 silly audit   '@esbuild/freebsd-x64': [ '0.25.4' ],
442 silly audit   '@esbuild/linux-arm': [ '0.25.4' ],
442 silly audit   '@esbuild/linux-arm64': [ '0.25.4' ],
442 silly audit   '@esbuild/linux-ia32': [ '0.25.4' ],
442 silly audit   '@esbuild/linux-loong64': [ '0.25.4' ],
442 silly audit   '@esbuild/linux-mips64el': [ '0.25.4' ],
442 silly audit   '@esbuild/linux-ppc64': [ '0.25.4' ],
442 silly audit   '@esbuild/linux-riscv64': [ '0.25.4' ],
442 silly audit   '@esbuild/linux-s390x': [ '0.25.4' ],
442 silly audit   '@esbuild/linux-x64': [ '0.25.4' ],
442 silly audit   '@esbuild/netbsd-arm64': [ '0.25.4' ],
442 silly audit   '@esbuild/netbsd-x64': [ '0.25.4' ],
442 silly audit   '@esbuild/openbsd-arm64': [ '0.25.4' ],
442 silly audit   '@esbuild/openbsd-x64': [ '0.25.4' ],
442 silly audit   '@esbuild/sunos-x64': [ '0.25.4' ],
442 silly audit   '@esbuild/win32-arm64': [ '0.25.4' ],
442 silly audit   '@esbuild/win32-ia32': [ '0.25.4' ],
442 silly audit   '@esbuild/win32-x64': [ '0.25.4' ],
442 silly audit   '@eslint-community/eslint-utils': [ '4.7.0' ],
442 silly audit   'eslint-visitor-keys': [ '3.4.3', '4.2.0' ],
442 silly audit   '@eslint-community/regexpp': [ '4.12.1' ],
442 silly audit   '@eslint/config-array': [ '0.20.0' ],
442 silly audit   '@eslint/config-helpers': [ '0.2.2' ],
442 silly audit   '@eslint/core': [ '0.13.0' ],
442 silly audit   '@eslint/eslintrc': [ '3.3.1' ],
442 silly audit   '@eslint/js': [ '9.26.0' ],
442 silly audit   '@eslint/object-schema': [ '2.1.6' ],
442 silly audit   '@eslint/plugin-kit': [ '0.2.8' ],
442 silly audit   '@humanfs/core': [ '0.19.1' ],
442 silly audit   '@humanfs/node': [ '0.16.6' ],
442 silly audit   '@humanwhocodes/retry': [ '0.3.1', '0.4.3' ],
442 silly audit   '@humanwhocodes/module-importer': [ '1.0.1' ],
442 silly audit   '@jridgewell/gen-mapping': [ '0.3.8' ],
442 silly audit   '@jridgewell/resolve-uri': [ '3.1.2' ],
442 silly audit   '@jridgewell/set-array': [ '1.2.1' ],
442 silly audit   '@jridgewell/sourcemap-codec': [ '1.5.0' ],
442 silly audit   '@jridgewell/trace-mapping': [ '0.3.25' ],
442 silly audit   '@modelcontextprotocol/sdk': [ '1.11.3' ],
442 silly audit   '@nodelib/fs.scandir': [ '2.1.5' ],
442 silly audit   '@nodelib/fs.stat': [ '2.0.5' ],
442 silly audit   '@nodelib/fs.walk': [ '1.2.8' ],
442 silly audit   '@rollup/rollup-android-arm-eabi': [ '4.40.2' ],
442 silly audit   '@rollup/rollup-android-arm64': [ '4.40.2' ],
442 silly audit   '@rollup/rollup-darwin-arm64': [ '4.40.2' ],
442 silly audit   '@rollup/rollup-darwin-x64': [ '4.40.2' ],
442 silly audit   '@rollup/rollup-freebsd-arm64': [ '4.40.2' ],
442 silly audit   '@rollup/rollup-freebsd-x64': [ '4.40.2' ],
442 silly audit   '@rollup/rollup-linux-arm-gnueabihf': [ '4.40.2' ],
442 silly audit   '@rollup/rollup-linux-arm-musleabihf': [ '4.40.2' ],
442 silly audit   '@rollup/rollup-linux-arm64-gnu': [ '4.40.2' ],
442 silly audit   '@rollup/rollup-linux-arm64-musl': [ '4.40.2' ],
442 silly audit   '@rollup/rollup-linux-loongarch64-gnu': [ '4.40.2' ],
442 silly audit   '@rollup/rollup-linux-powerpc64le-gnu': [ '4.40.2' ],
442 silly audit   '@rollup/rollup-linux-riscv64-gnu': [ '4.40.2' ],
442 silly audit   '@rollup/rollup-linux-riscv64-musl': [ '4.40.2' ],
442 silly audit   '@rollup/rollup-linux-s390x-gnu': [ '4.40.2' ],
442 silly audit   '@rollup/rollup-linux-x64-gnu': [ '4.40.2' ],
442 silly audit   '@rollup/rollup-linux-x64-musl': [ '4.40.2' ],
442 silly audit   '@rollup/rollup-win32-arm64-msvc': [ '4.40.2' ],
442 silly audit   '@rollup/rollup-win32-ia32-msvc': [ '4.40.2' ],
442 silly audit   '@rollup/rollup-win32-x64-msvc': [ '4.40.2' ],
442 silly audit   '@types/babel__core': [ '7.20.5' ],
442 silly audit   '@types/babel__generator': [ '7.27.0' ],
442 silly audit   '@types/babel__template': [ '7.4.4' ],
442 silly audit   '@types/babel__traverse': [ '7.20.7' ],
442 silly audit   '@types/estree': [ '1.0.7' ],
442 silly audit   '@types/json-schema': [ '7.0.15' ],
442 silly audit   '@types/react': [ '19.1.4' ],
442 silly audit   '@types/react-dom': [ '19.1.5' ],
442 silly audit   '@typescript-eslint/eslint-plugin': [ '8.32.1' ],
442 silly audit   ignore: [ '7.0.4', '5.3.2' ],
442 silly audit   '@typescript-eslint/parser': [ '8.32.1' ],
442 silly audit   '@typescript-eslint/scope-manager': [ '8.32.1' ],
442 silly audit   '@typescript-eslint/type-utils': [ '8.32.1' ],
442 silly audit   '@typescript-eslint/types': [ '8.32.1' ],
442 silly audit   '@typescript-eslint/typescript-estree': [ '8.32.1' ],
442 silly audit   'brace-expansion': [ '2.0.1', '1.1.11' ],
442 silly audit   minimatch: [ '9.0.5', '3.1.2' ],
442 silly audit   semver: [ '7.7.2', '6.3.1' ],
442 silly audit   '@typescript-eslint/utils': [ '8.32.1' ],
442 silly audit   '@typescript-eslint/visitor-keys': [ '8.32.1' ],
442 silly audit   '@vitejs/plugin-react': [ '4.4.1' ],
442 silly audit   accepts: [ '2.0.0' ],
442 silly audit   acorn: [ '8.14.1', '7.4.1' ],
442 silly audit   'acorn-jsx': [ '5.3.2' ],
442 silly audit   ajv: [ '6.12.6' ],
442 silly audit   'ansi-styles': [ '4.3.0' ],
442 silly audit   argparse: [ '2.0.1' ],
442 silly audit   'balanced-match': [ '1.0.2' ],
442 silly audit   'body-parser': [ '2.2.0' ],
442 silly audit   braces: [ '3.0.3' ],
442 silly audit   browserslist: [ '4.24.5' ],
442 silly audit   bytes: [ '3.1.2' ],
442 silly audit   'call-bind-apply-helpers': [ '1.0.2' ],
442 silly audit   'call-bound': [ '1.0.4' ],
442 silly audit   callsites: [ '3.1.0' ],
442 silly audit   'caniuse-lite': [ '1.0.30001718' ],
442 silly audit   chalk: [ '4.1.2' ],
442 silly audit   'color-convert': [ '2.0.1' ],
442 silly audit   'color-name': [ '1.1.4' ],
442 silly audit   'concat-map': [ '0.0.1' ],
442 silly audit   'content-disposition': [ '1.0.0' ],
442 silly audit   'content-type': [ '1.0.5' ],
442 silly audit   'convert-source-map': [ '2.0.0' ],
442 silly audit   cookie: [ '0.7.2' ],
442 silly audit   'cookie-signature': [ '1.2.2' ],
442 silly audit   cors: [ '2.8.5' ],
442 silly audit   'cross-spawn': [ '7.0.6' ],
442 silly audit   csstype: [ '3.1.3' ],
442 silly audit   debug: [ '4.4.1' ],
442 silly audit   'deep-is': [ '0.1.4' ],
442 silly audit   depd: [ '2.0.0' ],
442 silly audit   'dunder-proto': [ '1.0.1' ],
442 silly audit   'ee-first': [ '1.1.1' ],
442 silly audit   'electron-to-chromium': [ '1.5.155' ],
442 silly audit   encodeurl: [ '2.0.0' ],
442 silly audit   'es-define-property': [ '1.0.1' ],
442 silly audit   'es-errors': [ '1.3.0' ],
442 silly audit   'es-object-atoms': [ '1.1.1' ],
442 silly audit   esbuild: [ '0.25.4' ],
442 silly audit   escalade: [ '3.2.0' ],
442 silly audit   'escape-html': [ '1.0.3' ],
442 silly audit   'escape-string-regexp': [ '4.0.0' ],
442 silly audit   eslint: [ '9.26.0' ],
442 silly audit   'eslint-plugin-react-hooks': [ '5.2.0' ],
442 silly audit   'eslint-plugin-react-refresh': [ '0.4.20' ],
442 silly audit   'eslint-scope': [ '8.3.0' ],
442 silly audit   espree: [ '10.3.0' ],
442 silly audit   esquery: [ '1.6.0' ],
442 silly audit   esrecurse: [ '4.3.0' ],
442 silly audit   estraverse: [ '5.3.0' ],
442 silly audit   esutils: [ '2.0.3' ],
442 silly audit   etag: [ '1.8.1' ],
442 silly audit   eventsource: [ '3.0.7' ],
442 silly audit   'eventsource-parser': [ '3.0.2' ],
442 silly audit   express: [ '5.1.0' ],
442 silly audit   'express-rate-limit': [ '7.5.0' ],
442 silly audit   'fast-deep-equal': [ '3.1.3' ],
442 silly audit   'fast-glob': [ '3.3.3' ],
442 silly audit   'glob-parent': [ '5.1.2', '6.0.2' ],
442 silly audit   'fast-json-stable-stringify': [ '2.1.0' ],
442 silly audit   'fast-levenshtein': [ '2.0.6' ],
442 silly audit   fastq: [ '1.19.1' ],
442 silly audit   'file-entry-cache': [ '8.0.0' ],
442 silly audit   'fill-range': [ '7.1.1' ],
442 silly audit   finalhandler: [ '2.1.0' ],
442 silly audit   'find-up': [ '5.0.0' ],
442 silly audit   'flat-cache': [ '4.0.1' ],
442 silly audit   flatted: [ '3.3.3' ],
442 silly audit   forwarded: [ '0.2.0' ],
442 silly audit   'fraction.js': [ '4.3.7' ],
442 silly audit   fresh: [ '2.0.0' ],
442 silly audit   fsevents: [ '2.3.3' ],
442 silly audit   'function-bind': [ '1.1.2' ],
442 silly audit   gensync: [ '1.0.0-beta.2' ],
442 silly audit   'get-intrinsic': [ '1.3.0' ],
442 silly audit   'get-proto': [ '1.0.1' ],
442 silly audit   gopd: [ '1.2.0' ],
442 silly audit   graphemer: [ '1.4.0' ],
442 silly audit   'has-flag': [ '4.0.0' ],
442 silly audit   'has-symbols': [ '1.1.0' ],
442 silly audit   hasown: [ '2.0.2' ],
442 silly audit   'http-errors': [ '2.0.0' ],
442 silly audit   'iconv-lite': [ '0.6.3' ],
442 silly audit   'import-fresh': [ '3.3.1' ],
442 silly audit   imurmurhash: [ '0.1.4' ],
442 silly audit   inherits: [ '2.0.4' ],
442 silly audit   'ipaddr.js': [ '1.9.1' ],
442 silly audit   'is-extglob': [ '2.1.1' ],
442 silly audit   'is-glob': [ '4.0.3' ],
442 silly audit   'is-number': [ '7.0.0' ],
442 silly audit   'is-promise': [ '4.0.0' ],
442 silly audit   isexe: [ '2.0.0' ],
442 silly audit   'js-tokens': [ '4.0.0' ],
442 silly audit   'js-yaml': [ '4.1.0' ],
442 silly audit   jsesc: [ '3.1.0' ],
442 silly audit   'json-buffer': [ '3.0.1' ],
442 silly audit   'json-schema-traverse': [ '0.4.1' ],
442 silly audit   'json-stable-stringify-without-jsonify': [ '1.0.1' ],
442 silly audit   json5: [ '2.2.3' ],
442 silly audit   keyv: [ '4.5.4' ],
442 silly audit   levn: [ '0.4.1' ],
442 silly audit   'locate-path': [ '6.0.0' ],
442 silly audit   'lodash.merge': [ '4.6.2' ],
442 silly audit   'lru-cache': [ '5.1.1' ],
442 silly audit   'math-intrinsics': [ '1.1.0' ],
442 silly audit   'media-typer': [ '1.1.0' ],
442 silly audit   'merge-descriptors': [ '2.0.0' ],
442 silly audit   merge2: [ '1.4.1' ],
442 silly audit   micromatch: [ '4.0.8' ],
442 silly audit   'mime-db': [ '1.54.0' ],
442 silly audit   'mime-types': [ '3.0.1' ],
442 silly audit   ms: [ '2.1.3' ],
442 silly audit   nanoid: [ '3.3.11' ],
442 silly audit   'natural-compare': [ '1.4.0' ],
442 silly audit   negotiator: [ '1.0.0' ],
442 silly audit   'node-releases': [ '2.0.19' ],
442 silly audit   'normalize-range': [ '0.1.2' ],
442 silly audit   'object-assign': [ '4.1.1' ],
442 silly audit   'object-inspect': [ '1.13.4' ],
442 silly audit   'on-finished': [ '2.4.1' ],
442 silly audit   once: [ '1.4.0' ],
442 silly audit   optionator: [ '0.9.4' ],
442 silly audit   'p-limit': [ '3.1.0' ],
442 silly audit   'p-locate': [ '5.0.0' ],
442 silly audit   'parent-module': [ '1.0.1' ],
442 silly audit   parseurl: [ '1.3.3' ],
442 silly audit   'path-exists': [ '4.0.0' ],
442 silly audit   'path-key': [ '3.1.1' ],
442 silly audit   'path-to-regexp': [ '8.2.0' ],
442 silly audit   picocolors: [ '1.1.1' ],
442 silly audit   picomatch: [ '2.3.1', '4.0.2' ],
442 silly audit   'pkce-challenge': [ '5.0.0' ],
442 silly audit   'postcss-value-parser': [ '4.2.0', '3.3.1' ],
442 silly audit   'prelude-ls': [ '1.2.1' ],
442 silly audit   'proxy-addr': [ '2.0.7' ],
442 silly audit   punycode: [ '2.3.1' ],
442 silly audit   qs: [ '6.14.0' ],
442 silly audit   'queue-microtask': [ '1.2.3' ],
442 silly audit   'range-parser': [ '1.2.1' ],
442 silly audit   'raw-body': [ '3.0.0' ],
442 silly audit   react: [ '19.1.0' ],
442 silly audit   'react-dom': [ '19.1.0' ],
442 silly audit   'react-refresh': [ '0.17.0' ],
442 silly audit   'resolve-from': [ '4.0.0' ],
442 silly audit   reusify: [ '1.1.0' ],
442 silly audit   rollup: [ '4.40.2' ],
442 silly audit   router: [ '2.2.0' ],
442 silly audit   'run-parallel': [ '1.2.0' ],
442 silly audit   'safe-buffer': [ '5.2.1' ],
442 silly audit   'safer-buffer': [ '2.1.2' ],
442 silly audit   scheduler: [ '0.26.0' ],
442 silly audit   send: [ '1.2.0' ],
442 silly audit   'serve-static': [ '2.2.0' ],
442 silly audit   setprototypeof: [ '1.2.0' ],
442 silly audit   'shebang-command': [ '2.0.0' ],
442 silly audit   'shebang-regex': [ '3.0.0' ],
442 silly audit   'side-channel': [ '1.1.0' ],
442 silly audit   'side-channel-list': [ '1.0.0' ],
442 silly audit   'side-channel-map': [ '1.0.1' ],
442 silly audit   'side-channel-weakmap': [ '1.0.2' ],
442 silly audit   'source-map-js': [ '1.2.1' ],
442 silly audit   statuses: [ '2.0.1' ],
442 silly audit   'strip-json-comments': [ '3.1.1' ],
442 silly audit   'supports-color': [ '7.2.0' ],
442 silly audit   tinyglobby: [ '0.2.13' ],
442 silly audit   fdir: [ '6.4.4' ],
442 silly audit   'to-regex-range': [ '5.0.1' ],
442 silly audit   toidentifier: [ '1.0.1' ],
442 silly audit   'ts-api-utils': [ '2.1.0' ],
442 silly audit   'type-check': [ '0.4.0' ],
442 silly audit   'type-is': [ '2.0.1' ],
442 silly audit   typescript: [ '5.8.3' ],
442 silly audit   'typescript-eslint': [ '8.32.1' ],
442 silly audit   unpipe: [ '1.0.0' ],
442 silly audit   'update-browserslist-db': [ '1.1.3' ],
442 silly audit   'uri-js': [ '4.4.1' ],
442 silly audit   vary: [ '1.1.2' ],
442 silly audit   vite: [ '6.3.5' ],
442 silly audit   which: [ '2.0.2' ],
442 silly audit   'word-wrap': [ '1.2.5' ],
442 silly audit   wrappy: [ '1.0.2' ],
442 silly audit   yallist: [ '3.1.1' ],
442 silly audit   'yocto-queue': [ '0.1.0' ],
442 silly audit   zod: [ '3.24.4' ],
442 silly audit   'zod-to-json-schema': [ '3.24.5' ],
442 silly audit   autoprefixer: [ '10.4.21' ],
442 silly audit   postcss: [ '8.5.3' ],
442 silly audit   tailwindcss: [ '4.1.7', '2.2.19' ],
442 silly audit   'tailwindcss-cli': [ '0.1.2' ],
442 silly audit   arg: [ '5.0.2' ],
442 silly audit   chokidar: [ '3.6.0' ],
442 silly audit   color: [ '4.2.3' ],
442 silly audit   cosmiconfig: [ '7.1.0' ],
442 silly audit   detective: [ '5.2.1' ],
442 silly audit   didyoumean: [ '1.2.2' ],
442 silly audit   dlv: [ '1.1.3' ],
442 silly audit   'fs-extra': [ '10.1.0' ],
442 silly audit   'html-tags': [ '3.3.1' ],
442 silly audit   'is-color-stop': [ '1.1.0' ],
442 silly audit   lodash: [ '4.17.21' ],
442 silly audit   'lodash.topath': [ '4.5.2' ],
442 silly audit   'modern-normalize': [ '1.1.0' ],
442 silly audit   'node-emoji': [ '1.11.0' ],
442 silly audit   'normalize-path': [ '3.0.0' ],
442 silly audit   'object-hash': [ '2.2.0' ],
442 silly audit   'postcss-js': [ '3.0.3' ],
442 silly audit   'postcss-load-config': [ '3.1.4' ],
442 silly audit   'postcss-nested': [ '5.0.6' ],
442 silly audit   'postcss-selector-parser': [ '6.1.2' ],
442 silly audit   'pretty-hrtime': [ '1.0.3' ],
442 silly audit   purgecss: [ '4.1.3' ],
442 silly audit   'quick-lru': [ '5.1.1' ],
442 silly audit   'reduce-css-calc': [ '2.1.8' ],
442 silly audit   resolve: [ '1.22.10' ],
442 silly audit   tmp: [ '0.2.3' ],
442 silly audit   anymatch: [ '3.1.3' ],
442 silly audit   'is-binary-path': [ '2.1.0' ],
442 silly audit   readdirp: [ '3.6.0' ],
442 silly audit   'color-string': [ '1.9.1' ],
442 silly audit   'simple-swizzle': [ '0.2.2' ],
442 silly audit   '@types/parse-json': [ '4.0.2' ],
442 silly audit   'parse-json': [ '5.2.0' ],
442 silly audit   'path-type': [ '4.0.0' ],
442 silly audit   'acorn-node': [ '1.8.2' ],
442 silly audit   defined: [ '1.0.1' ],
442 silly audit   minimist: [ '1.2.8' ],
442 silly audit   'acorn-walk': [ '7.2.0' ],
442 silly audit   xtend: [ '4.0.2' ],
442 silly audit   'graceful-fs': [ '4.2.11' ],
442 silly audit   jsonfile: [ '6.1.0' ],
442 silly audit   universalify: [ '2.0.1' ],
442 silly audit   'binary-extensions': [ '2.3.0' ],
442 silly audit   'css-color-names': [ '0.0.4' ],
442 silly audit   'hex-color-regex': [ '1.1.0' ],
442 silly audit   'hsl-regex': [ '1.0.0' ],
442 silly audit   'hsla-regex': [ '1.0.0' ],
442 silly audit   'rgb-regex': [ '1.0.1' ],
442 silly audit   'rgba-regex': [ '1.0.0' ],
442 silly audit   'error-ex': [ '1.3.2' ],
442 silly audit   'json-parse-even-better-errors': [ '2.3.1' ],
442 silly audit   'lines-and-columns': [ '1.2.4' ],
442 silly audit   'is-arrayish': [ '0.2.1', '0.3.2' ],
442 silly audit   'camelcase-css': [ '2.0.1' ],
442 silly audit   lilconfig: [ '2.1.0' ],
442 silly audit   cssesc: [ '3.0.0' ],
442 silly audit   'util-deprecate': [ '1.0.2' ],
442 silly audit   commander: [ '8.3.0' ],
442 silly audit   glob: [ '7.2.3' ],
442 silly audit   'fs.realpath': [ '1.0.0' ],
442 silly audit   inflight: [ '1.0.6' ],
442 silly audit   'path-is-absolute': [ '1.0.1' ],
442 silly audit   'css-unit-converter': [ '1.1.2' ],
442 silly audit   'is-core-module': [ '2.16.1' ],
442 silly audit   'path-parse': [ '1.0.7' ],
442 silly audit   'supports-preserve-symlinks-flag': [ '1.0.0' ],
442 silly audit   yaml: [ '2.8.0', '1.10.2' ]
442 silly audit }
443 http cache yaml@https://registry.npmjs.org/yaml/-/yaml-2.8.0.tgz 0ms (cache hit)
444 http cache supports-preserve-symlinks-flag@https://registry.npmjs.org/supports-preserve-symlinks-flag/-/supports-preserve-symlinks-flag-1.0.0.tgz 0ms (cache hit)
445 http cache is-core-module@https://registry.npmjs.org/is-core-module/-/is-core-module-2.16.1.tgz 0ms (cache hit)
446 http cache path-is-absolute@https://registry.npmjs.org/path-is-absolute/-/path-is-absolute-1.0.1.tgz 0ms (cache hit)
447 http cache inflight@https://registry.npmjs.org/inflight/-/inflight-1.0.6.tgz 1ms (cache hit)
448 http cache css-unit-converter@https://registry.npmjs.org/css-unit-converter/-/css-unit-converter-1.1.2.tgz 1ms (cache hit)
449 http cache glob@https://registry.npmjs.org/glob/-/glob-7.2.3.tgz 0ms (cache hit)
450 http cache commander@https://registry.npmjs.org/commander/-/commander-8.3.0.tgz 1ms (cache hit)
451 http cache fs.realpath@https://registry.npmjs.org/fs.realpath/-/fs.realpath-1.0.0.tgz 0ms (cache hit)
452 http cache util-deprecate@https://registry.npmjs.org/util-deprecate/-/util-deprecate-1.0.2.tgz 0ms (cache hit)
453 http cache lilconfig@https://registry.npmjs.org/lilconfig/-/lilconfig-2.1.0.tgz 0ms (cache hit)
454 http cache camelcase-css@https://registry.npmjs.org/camelcase-css/-/camelcase-css-2.0.1.tgz 0ms (cache hit)
455 http cache is-arrayish@https://registry.npmjs.org/is-arrayish/-/is-arrayish-0.2.1.tgz 0ms (cache hit)
456 http cache cssesc@https://registry.npmjs.org/cssesc/-/cssesc-3.0.0.tgz 0ms (cache hit)
457 http cache lines-and-columns@https://registry.npmjs.org/lines-and-columns/-/lines-and-columns-1.2.4.tgz 0ms (cache hit)
458 http cache error-ex@https://registry.npmjs.org/error-ex/-/error-ex-1.3.2.tgz 0ms (cache hit)
459 http cache path-parse@https://registry.npmjs.org/path-parse/-/path-parse-1.0.7.tgz 0ms (cache hit)
460 http cache rgba-regex@https://registry.npmjs.org/rgba-regex/-/rgba-regex-1.0.0.tgz 0ms (cache hit)
461 http cache hsla-regex@https://registry.npmjs.org/hsla-regex/-/hsla-regex-1.0.0.tgz 1ms (cache hit)
462 http cache rgb-regex@https://registry.npmjs.org/rgb-regex/-/rgb-regex-1.0.1.tgz 1ms (cache hit)
463 http cache hsl-regex@https://registry.npmjs.org/hsl-regex/-/hsl-regex-1.0.0.tgz 1ms (cache hit)
464 http cache hex-color-regex@https://registry.npmjs.org/hex-color-regex/-/hex-color-regex-1.1.0.tgz 0ms (cache hit)
465 http cache json-parse-even-better-errors@https://registry.npmjs.org/json-parse-even-better-errors/-/json-parse-even-better-errors-2.3.1.tgz 0ms (cache hit)
466 http cache css-color-names@https://registry.npmjs.org/css-color-names/-/css-color-names-0.0.4.tgz 0ms (cache hit)
467 http cache universalify@https://registry.npmjs.org/universalify/-/universalify-2.0.1.tgz 0ms (cache hit)
468 http cache jsonfile@https://registry.npmjs.org/jsonfile/-/jsonfile-6.1.0.tgz 0ms (cache hit)
469 http cache graceful-fs@https://registry.npmjs.org/graceful-fs/-/graceful-fs-4.2.11.tgz 0ms (cache hit)
470 http cache binary-extensions@https://registry.npmjs.org/binary-extensions/-/binary-extensions-2.3.0.tgz 0ms (cache hit)
471 http cache acorn-walk@https://registry.npmjs.org/acorn-walk/-/acorn-walk-7.2.0.tgz 0ms (cache hit)
472 http cache minimist@https://registry.npmjs.org/minimist/-/minimist-1.2.8.tgz 0ms (cache hit)
473 http cache defined@https://registry.npmjs.org/defined/-/defined-1.0.1.tgz 0ms (cache hit)
474 http cache acorn-node@https://registry.npmjs.org/acorn-node/-/acorn-node-1.8.2.tgz 0ms (cache hit)
475 http cache path-type@https://registry.npmjs.org/path-type/-/path-type-4.0.0.tgz 1ms (cache hit)
476 http cache xtend@https://registry.npmjs.org/xtend/-/xtend-4.0.2.tgz 0ms (cache hit)
477 http cache parse-json@https://registry.npmjs.org/parse-json/-/parse-json-5.2.0.tgz 0ms (cache hit)
478 http cache @types/parse-json@https://registry.npmjs.org/@types/parse-json/-/parse-json-4.0.2.tgz 0ms (cache hit)
479 http cache simple-swizzle@https://registry.npmjs.org/simple-swizzle/-/simple-swizzle-0.2.2.tgz 1ms (cache hit)
480 http cache is-binary-path@https://registry.npmjs.org/is-binary-path/-/is-binary-path-2.1.0.tgz 0ms (cache hit)
481 http cache readdirp@https://registry.npmjs.org/readdirp/-/readdirp-3.6.0.tgz 0ms (cache hit)
482 http cache anymatch@https://registry.npmjs.org/anymatch/-/anymatch-3.1.3.tgz 0ms (cache hit)
483 http cache color-string@https://registry.npmjs.org/color-string/-/color-string-1.9.1.tgz 0ms (cache hit)
484 http cache tmp@https://registry.npmjs.org/tmp/-/tmp-0.2.3.tgz 0ms (cache hit)
485 http cache resolve@https://registry.npmjs.org/resolve/-/resolve-1.22.10.tgz 0ms (cache hit)
486 http cache reduce-css-calc@https://registry.npmjs.org/reduce-css-calc/-/reduce-css-calc-2.1.8.tgz 0ms (cache hit)
487 http cache purgecss@https://registry.npmjs.org/purgecss/-/purgecss-4.1.3.tgz 0ms (cache hit)
488 http cache quick-lru@https://registry.npmjs.org/quick-lru/-/quick-lru-5.1.1.tgz 1ms (cache hit)
489 http cache pretty-hrtime@https://registry.npmjs.org/pretty-hrtime/-/pretty-hrtime-1.0.3.tgz 0ms (cache hit)
490 http cache postcss-selector-parser@https://registry.npmjs.org/postcss-selector-parser/-/postcss-selector-parser-6.1.2.tgz 0ms (cache hit)
491 http cache postcss-nested@https://registry.npmjs.org/postcss-nested/-/postcss-nested-5.0.6.tgz 0ms (cache hit)
492 http cache postcss-load-config@https://registry.npmjs.org/postcss-load-config/-/postcss-load-config-3.1.4.tgz 0ms (cache hit)
493 http cache postcss-js@https://registry.npmjs.org/postcss-js/-/postcss-js-3.0.3.tgz 0ms (cache hit)
494 http cache object-hash@https://registry.npmjs.org/object-hash/-/object-hash-2.2.0.tgz 0ms (cache hit)
495 http cache normalize-path@https://registry.npmjs.org/normalize-path/-/normalize-path-3.0.0.tgz 0ms (cache hit)
496 http cache node-emoji@https://registry.npmjs.org/node-emoji/-/node-emoji-1.11.0.tgz 0ms (cache hit)
497 http cache lodash.topath@https://registry.npmjs.org/lodash.topath/-/lodash.topath-4.5.2.tgz 0ms (cache hit)
498 http cache modern-normalize@https://registry.npmjs.org/modern-normalize/-/modern-normalize-1.1.0.tgz 0ms (cache hit)
499 http cache is-color-stop@https://registry.npmjs.org/is-color-stop/-/is-color-stop-1.1.0.tgz 1ms (cache hit)
500 http cache html-tags@https://registry.npmjs.org/html-tags/-/html-tags-3.3.1.tgz 0ms (cache hit)
501 http cache fs-extra@https://registry.npmjs.org/fs-extra/-/fs-extra-10.1.0.tgz 0ms (cache hit)
502 http cache lodash@https://registry.npmjs.org/lodash/-/lodash-4.17.21.tgz 0ms (cache hit)
503 http cache dlv@https://registry.npmjs.org/dlv/-/dlv-1.1.3.tgz 1ms (cache hit)
504 http cache didyoumean@https://registry.npmjs.org/didyoumean/-/didyoumean-1.2.2.tgz 0ms (cache hit)
505 http cache cosmiconfig@https://registry.npmjs.org/cosmiconfig/-/cosmiconfig-7.1.0.tgz 0ms (cache hit)
506 http cache detective@https://registry.npmjs.org/detective/-/detective-5.2.1.tgz 0ms (cache hit)
507 http cache color@https://registry.npmjs.org/color/-/color-4.2.3.tgz 0ms (cache hit)
508 http cache chokidar@https://registry.npmjs.org/chokidar/-/chokidar-3.6.0.tgz 0ms (cache hit)
509 http cache arg@https://registry.npmjs.org/arg/-/arg-5.0.2.tgz 0ms (cache hit)
510 http cache acorn@https://registry.npmjs.org/acorn/-/acorn-7.4.1.tgz 0ms (cache hit)
511 http cache tailwindcss-cli@https://registry.npmjs.org/tailwindcss-cli/-/tailwindcss-cli-0.1.2.tgz 0ms (cache hit)
512 http cache is-arrayish@https://registry.npmjs.org/is-arrayish/-/is-arrayish-0.3.2.tgz 0ms (cache hit)
513 http cache yaml@https://registry.npmjs.org/yaml/-/yaml-1.10.2.tgz 1ms (cache hit)
514 http cache yaml@https://registry.npmjs.org/yaml/-/yaml-1.10.2.tgz 0ms (cache hit)
515 http cache postcss-value-parser@https://registry.npmjs.org/postcss-value-parser/-/postcss-value-parser-3.3.1.tgz 0ms (cache hit)
516 http cache glob-parent@https://registry.npmjs.org/glob-parent/-/glob-parent-5.1.2.tgz 0ms (cache hit)
517 silly tarball no local data for yaml@https://registry.npmjs.org/yaml/-/yaml-2.8.0.tgz. Extracting by manifest.
518 http cache tailwindcss@https://registry.npmjs.org/tailwindcss/-/tailwindcss-2.2.19.tgz 0ms (cache hit)
519 silly tarball no local data for supports-preserve-symlinks-flag@https://registry.npmjs.org/supports-preserve-symlinks-flag/-/supports-preserve-symlinks-flag-1.0.0.tgz. Extracting by manifest.
520 silly tarball no local data for is-core-module@https://registry.npmjs.org/is-core-module/-/is-core-module-2.16.1.tgz. Extracting by manifest.
521 silly tarball no local data for path-is-absolute@https://registry.npmjs.org/path-is-absolute/-/path-is-absolute-1.0.1.tgz. Extracting by manifest.
522 silly tarball no local data for css-unit-converter@https://registry.npmjs.org/css-unit-converter/-/css-unit-converter-1.1.2.tgz. Extracting by manifest.
523 silly tarball no local data for glob@https://registry.npmjs.org/glob/-/glob-7.2.3.tgz. Extracting by manifest.
524 silly tarball no local data for inflight@https://registry.npmjs.org/inflight/-/inflight-1.0.6.tgz. Extracting by manifest.
525 silly tarball no local data for commander@https://registry.npmjs.org/commander/-/commander-8.3.0.tgz. Extracting by manifest.
526 silly tarball no local data for fs.realpath@https://registry.npmjs.org/fs.realpath/-/fs.realpath-1.0.0.tgz. Extracting by manifest.
527 silly tarball no local data for lilconfig@https://registry.npmjs.org/lilconfig/-/lilconfig-2.1.0.tgz. Extracting by manifest.
528 silly tarball no local data for camelcase-css@https://registry.npmjs.org/camelcase-css/-/camelcase-css-2.0.1.tgz. Extracting by manifest.
529 silly tarball no local data for is-arrayish@https://registry.npmjs.org/is-arrayish/-/is-arrayish-0.2.1.tgz. Extracting by manifest.
530 silly tarball no local data for cssesc@https://registry.npmjs.org/cssesc/-/cssesc-3.0.0.tgz. Extracting by manifest.
531 silly tarball no local data for util-deprecate@https://registry.npmjs.org/util-deprecate/-/util-deprecate-1.0.2.tgz. Extracting by manifest.
532 silly tarball no local data for lines-and-columns@https://registry.npmjs.org/lines-and-columns/-/lines-and-columns-1.2.4.tgz. Extracting by manifest.
533 silly tarball no local data for error-ex@https://registry.npmjs.org/error-ex/-/error-ex-1.3.2.tgz. Extracting by manifest.
534 silly tarball no local data for path-parse@https://registry.npmjs.org/path-parse/-/path-parse-1.0.7.tgz. Extracting by manifest.
535 silly tarball no local data for rgba-regex@https://registry.npmjs.org/rgba-regex/-/rgba-regex-1.0.0.tgz. Extracting by manifest.
536 silly tarball no local data for hsla-regex@https://registry.npmjs.org/hsla-regex/-/hsla-regex-1.0.0.tgz. Extracting by manifest.
537 silly tarball no local data for rgb-regex@https://registry.npmjs.org/rgb-regex/-/rgb-regex-1.0.1.tgz. Extracting by manifest.
538 silly tarball no local data for hsl-regex@https://registry.npmjs.org/hsl-regex/-/hsl-regex-1.0.0.tgz. Extracting by manifest.
539 silly tarball no local data for hex-color-regex@https://registry.npmjs.org/hex-color-regex/-/hex-color-regex-1.1.0.tgz. Extracting by manifest.
540 silly tarball no local data for json-parse-even-better-errors@https://registry.npmjs.org/json-parse-even-better-errors/-/json-parse-even-better-errors-2.3.1.tgz. Extracting by manifest.
541 silly tarball no local data for css-color-names@https://registry.npmjs.org/css-color-names/-/css-color-names-0.0.4.tgz. Extracting by manifest.
542 silly tarball no local data for universalify@https://registry.npmjs.org/universalify/-/universalify-2.0.1.tgz. Extracting by manifest.
543 silly tarball no local data for jsonfile@https://registry.npmjs.org/jsonfile/-/jsonfile-6.1.0.tgz. Extracting by manifest.
544 silly tarball no local data for graceful-fs@https://registry.npmjs.org/graceful-fs/-/graceful-fs-4.2.11.tgz. Extracting by manifest.
545 silly tarball no local data for binary-extensions@https://registry.npmjs.org/binary-extensions/-/binary-extensions-2.3.0.tgz. Extracting by manifest.
546 silly tarball no local data for acorn-walk@https://registry.npmjs.org/acorn-walk/-/acorn-walk-7.2.0.tgz. Extracting by manifest.
547 silly tarball no local data for minimist@https://registry.npmjs.org/minimist/-/minimist-1.2.8.tgz. Extracting by manifest.
548 silly tarball no local data for defined@https://registry.npmjs.org/defined/-/defined-1.0.1.tgz. Extracting by manifest.
549 silly tarball no local data for acorn-node@https://registry.npmjs.org/acorn-node/-/acorn-node-1.8.2.tgz. Extracting by manifest.
550 silly tarball no local data for path-type@https://registry.npmjs.org/path-type/-/path-type-4.0.0.tgz. Extracting by manifest.
551 silly tarball no local data for xtend@https://registry.npmjs.org/xtend/-/xtend-4.0.2.tgz. Extracting by manifest.
552 silly tarball no local data for parse-json@https://registry.npmjs.org/parse-json/-/parse-json-5.2.0.tgz. Extracting by manifest.
553 silly tarball no local data for @types/parse-json@https://registry.npmjs.org/@types/parse-json/-/parse-json-4.0.2.tgz. Extracting by manifest.
554 silly tarball no local data for simple-swizzle@https://registry.npmjs.org/simple-swizzle/-/simple-swizzle-0.2.2.tgz. Extracting by manifest.
555 silly tarball no local data for is-binary-path@https://registry.npmjs.org/is-binary-path/-/is-binary-path-2.1.0.tgz. Extracting by manifest.
556 silly tarball no local data for readdirp@https://registry.npmjs.org/readdirp/-/readdirp-3.6.0.tgz. Extracting by manifest.
557 silly tarball no local data for anymatch@https://registry.npmjs.org/anymatch/-/anymatch-3.1.3.tgz. Extracting by manifest.
558 silly tarball no local data for color-string@https://registry.npmjs.org/color-string/-/color-string-1.9.1.tgz. Extracting by manifest.
559 silly tarball no local data for tmp@https://registry.npmjs.org/tmp/-/tmp-0.2.3.tgz. Extracting by manifest.
560 silly tarball no local data for resolve@https://registry.npmjs.org/resolve/-/resolve-1.22.10.tgz. Extracting by manifest.
561 silly tarball no local data for reduce-css-calc@https://registry.npmjs.org/reduce-css-calc/-/reduce-css-calc-2.1.8.tgz. Extracting by manifest.
562 silly tarball no local data for purgecss@https://registry.npmjs.org/purgecss/-/purgecss-4.1.3.tgz. Extracting by manifest.
563 silly tarball no local data for quick-lru@https://registry.npmjs.org/quick-lru/-/quick-lru-5.1.1.tgz. Extracting by manifest.
564 silly tarball no local data for pretty-hrtime@https://registry.npmjs.org/pretty-hrtime/-/pretty-hrtime-1.0.3.tgz. Extracting by manifest.
565 silly tarball no local data for postcss-selector-parser@https://registry.npmjs.org/postcss-selector-parser/-/postcss-selector-parser-6.1.2.tgz. Extracting by manifest.
566 silly tarball no local data for postcss-nested@https://registry.npmjs.org/postcss-nested/-/postcss-nested-5.0.6.tgz. Extracting by manifest.
567 silly tarball no local data for postcss-load-config@https://registry.npmjs.org/postcss-load-config/-/postcss-load-config-3.1.4.tgz. Extracting by manifest.
568 silly tarball no local data for postcss-js@https://registry.npmjs.org/postcss-js/-/postcss-js-3.0.3.tgz. Extracting by manifest.
569 silly tarball no local data for object-hash@https://registry.npmjs.org/object-hash/-/object-hash-2.2.0.tgz. Extracting by manifest.
570 silly tarball no local data for normalize-path@https://registry.npmjs.org/normalize-path/-/normalize-path-3.0.0.tgz. Extracting by manifest.
571 silly tarball no local data for node-emoji@https://registry.npmjs.org/node-emoji/-/node-emoji-1.11.0.tgz. Extracting by manifest.
572 silly tarball no local data for lodash.topath@https://registry.npmjs.org/lodash.topath/-/lodash.topath-4.5.2.tgz. Extracting by manifest.
573 silly tarball no local data for modern-normalize@https://registry.npmjs.org/modern-normalize/-/modern-normalize-1.1.0.tgz. Extracting by manifest.
574 silly tarball no local data for is-color-stop@https://registry.npmjs.org/is-color-stop/-/is-color-stop-1.1.0.tgz. Extracting by manifest.
575 silly tarball no local data for html-tags@https://registry.npmjs.org/html-tags/-/html-tags-3.3.1.tgz. Extracting by manifest.
576 silly tarball no local data for fs-extra@https://registry.npmjs.org/fs-extra/-/fs-extra-10.1.0.tgz. Extracting by manifest.
577 silly tarball no local data for lodash@https://registry.npmjs.org/lodash/-/lodash-4.17.21.tgz. Extracting by manifest.
578 silly tarball no local data for dlv@https://registry.npmjs.org/dlv/-/dlv-1.1.3.tgz. Extracting by manifest.
579 silly tarball no local data for didyoumean@https://registry.npmjs.org/didyoumean/-/didyoumean-1.2.2.tgz. Extracting by manifest.
580 silly tarball no local data for cosmiconfig@https://registry.npmjs.org/cosmiconfig/-/cosmiconfig-7.1.0.tgz. Extracting by manifest.
581 silly tarball no local data for detective@https://registry.npmjs.org/detective/-/detective-5.2.1.tgz. Extracting by manifest.
582 silly tarball no local data for color@https://registry.npmjs.org/color/-/color-4.2.3.tgz. Extracting by manifest.
583 silly tarball no local data for chokidar@https://registry.npmjs.org/chokidar/-/chokidar-3.6.0.tgz. Extracting by manifest.
584 silly tarball no local data for arg@https://registry.npmjs.org/arg/-/arg-5.0.2.tgz. Extracting by manifest.
585 silly tarball no local data for acorn@https://registry.npmjs.org/acorn/-/acorn-7.4.1.tgz. Extracting by manifest.
586 silly tarball no local data for tailwindcss-cli@https://registry.npmjs.org/tailwindcss-cli/-/tailwindcss-cli-0.1.2.tgz. Extracting by manifest.
587 silly tarball no local data for is-arrayish@https://registry.npmjs.org/is-arrayish/-/is-arrayish-0.3.2.tgz. Extracting by manifest.
588 silly tarball no local data for yaml@https://registry.npmjs.org/yaml/-/yaml-1.10.2.tgz. Extracting by manifest.
589 silly tarball no local data for yaml@https://registry.npmjs.org/yaml/-/yaml-1.10.2.tgz. Extracting by manifest.
590 silly tarball no local data for postcss-value-parser@https://registry.npmjs.org/postcss-value-parser/-/postcss-value-parser-3.3.1.tgz. Extracting by manifest.
591 silly tarball no local data for tailwindcss@https://registry.npmjs.org/tailwindcss/-/tailwindcss-2.2.19.tgz. Extracting by manifest.
592 http fetch POST 200 https://registry.npmjs.org/-/npm/v1/security/advisories/bulk 3488ms
593 silly audit report {}
594 http fetch GET 200 https://registry.npmjs.org/lines-and-columns/-/lines-and-columns-1.2.4.tgz 4861ms (cache miss)
595 http fetch GET 200 https://registry.npmjs.org/error-ex/-/error-ex-1.3.2.tgz 5028ms (cache miss)
596 http fetch GET 200 https://registry.npmjs.org/path-parse/-/path-parse-1.0.7.tgz 7256ms (cache miss)
597 http fetch GET 200 https://registry.npmjs.org/path-is-absolute/-/path-is-absolute-1.0.1.tgz 7382ms (cache miss)
598 http fetch GET 200 https://registry.npmjs.org/css-unit-converter/-/css-unit-converter-1.1.2.tgz 7463ms (cache miss)
599 http fetch GET 200 https://registry.npmjs.org/camelcase-css/-/camelcase-css-2.0.1.tgz 7451ms (cache miss)
600 http fetch GET 200 https://registry.npmjs.org/inflight/-/inflight-1.0.6.tgz 7474ms (cache miss)
601 warn deprecated inflight@1.0.6: This module is not supported, and leaks memory. Do not use it. Check out lru-cache if you want a good and tested way to coalesce async requests by a key value, which is much more comprehensive and powerful.
602 http fetch GET 200 https://registry.npmjs.org/util-deprecate/-/util-deprecate-1.0.2.tgz 7596ms (cache miss)
603 http fetch GET 200 https://registry.npmjs.org/is-arrayish/-/is-arrayish-0.2.1.tgz 7614ms (cache miss)
604 http fetch GET 200 https://registry.npmjs.org/json-parse-even-better-errors/-/json-parse-even-better-errors-2.3.1.tgz 7577ms (cache miss)
605 http fetch GET 200 https://registry.npmjs.org/supports-preserve-symlinks-flag/-/supports-preserve-symlinks-flag-1.0.0.tgz 7756ms (cache miss)
606 http fetch GET 200 https://registry.npmjs.org/lilconfig/-/lilconfig-2.1.0.tgz 7730ms (cache miss)
607 http fetch GET 200 https://registry.npmjs.org/rgba-regex/-/rgba-regex-1.0.0.tgz 7716ms (cache miss)
608 http fetch GET 200 https://registry.npmjs.org/hsla-regex/-/hsla-regex-1.0.0.tgz 7709ms (cache miss)
609 http fetch GET 200 https://registry.npmjs.org/hsl-regex/-/hsl-regex-1.0.0.tgz 7713ms (cache miss)
610 http fetch GET 200 https://registry.npmjs.org/universalify/-/universalify-2.0.1.tgz 3578ms (cache miss)
611 http fetch GET 200 https://registry.npmjs.org/cssesc/-/cssesc-3.0.0.tgz 7816ms (cache miss)
612 http fetch GET 200 https://registry.npmjs.org/css-color-names/-/css-color-names-0.0.4.tgz 3700ms (cache miss)
613 http fetch GET 200 https://registry.npmjs.org/is-binary-path/-/is-binary-path-2.1.0.tgz 3630ms (cache miss)
614 http fetch GET 200 https://registry.npmjs.org/rgb-regex/-/rgb-regex-1.0.1.tgz 7900ms (cache miss)
615 http fetch GET 200 https://registry.npmjs.org/path-type/-/path-type-4.0.0.tgz 3725ms (cache miss)
616 http fetch GET 200 https://registry.npmjs.org/xtend/-/xtend-4.0.2.tgz 3726ms (cache miss)
617 http fetch GET 200 https://registry.npmjs.org/simple-swizzle/-/simple-swizzle-0.2.2.tgz 3718ms (cache miss)
618 http fetch GET 200 https://registry.npmjs.org/@types/parse-json/-/parse-json-4.0.2.tgz 3721ms (cache miss)
619 http fetch GET 200 https://registry.npmjs.org/binary-extensions/-/binary-extensions-2.3.0.tgz 3767ms (cache miss)
620 http fetch GET 200 https://registry.npmjs.org/parse-json/-/parse-json-5.2.0.tgz 3863ms (cache miss)
621 http fetch GET 200 https://registry.npmjs.org/fs.realpath/-/fs.realpath-1.0.0.tgz 8128ms (cache miss)
622 http fetch GET 200 https://registry.npmjs.org/pretty-hrtime/-/pretty-hrtime-1.0.3.tgz 3879ms (cache miss)
623 http fetch GET 200 https://registry.npmjs.org/normalize-path/-/normalize-path-3.0.0.tgz 3953ms (cache miss)
624 http fetch GET 200 https://registry.npmjs.org/jsonfile/-/jsonfile-6.1.0.tgz 4049ms (cache miss)
625 http fetch GET 200 https://registry.npmjs.org/hex-color-regex/-/hex-color-regex-1.1.0.tgz 8185ms (cache miss)
626 http fetch GET 200 https://registry.npmjs.org/defined/-/defined-1.0.1.tgz 4024ms (cache miss)
627 http fetch GET 200 https://registry.npmjs.org/anymatch/-/anymatch-3.1.3.tgz 3990ms (cache miss)
628 http fetch GET 200 https://registry.npmjs.org/quick-lru/-/quick-lru-5.1.1.tgz 4033ms (cache miss)
629 http fetch GET 200 https://registry.npmjs.org/color-string/-/color-string-1.9.1.tgz 4067ms (cache miss)
630 http fetch GET 200 https://registry.npmjs.org/graceful-fs/-/graceful-fs-4.2.11.tgz 4141ms (cache miss)
631 http fetch GET 200 https://registry.npmjs.org/postcss-nested/-/postcss-nested-5.0.6.tgz 4078ms (cache miss)
632 http fetch GET 200 https://registry.npmjs.org/postcss-js/-/postcss-js-3.0.3.tgz 4076ms (cache miss)
633 http fetch GET 200 https://registry.npmjs.org/html-tags/-/html-tags-3.3.1.tgz 4078ms (cache miss)
634 http fetch GET 200 https://registry.npmjs.org/tailwindcss-cli/-/tailwindcss-cli-0.1.2.tgz 4081ms (cache miss)
635 http fetch GET 200 https://registry.npmjs.org/modern-normalize/-/modern-normalize-1.1.0.tgz 4127ms (cache miss)
636 http fetch GET 200 https://registry.npmjs.org/dlv/-/dlv-1.1.3.tgz 4129ms (cache miss)
637 http fetch GET 200 https://registry.npmjs.org/didyoumean/-/didyoumean-1.2.2.tgz 4163ms (cache miss)
638 http fetch GET 200 https://registry.npmjs.org/lodash.topath/-/lodash.topath-4.5.2.tgz 4225ms (cache miss)
639 http fetch GET 200 https://registry.npmjs.org/color/-/color-4.2.3.tgz 4214ms (cache miss)
640 http fetch GET 200 https://registry.npmjs.org/arg/-/arg-5.0.2.tgz 4233ms (cache miss)
641 http fetch GET 200 https://registry.npmjs.org/is-core-module/-/is-core-module-2.16.1.tgz 8556ms (cache miss)
642 http fetch GET 200 https://registry.npmjs.org/readdirp/-/readdirp-3.6.0.tgz 4295ms (cache miss)
643 http fetch GET 200 https://registry.npmjs.org/postcss-value-parser/-/postcss-value-parser-3.3.1.tgz 4284ms (cache miss)
644 http fetch GET 200 https://registry.npmjs.org/is-color-stop/-/is-color-stop-1.1.0.tgz 4356ms (cache miss)
645 http fetch GET 200 https://registry.npmjs.org/postcss-load-config/-/postcss-load-config-3.1.4.tgz 4371ms (cache miss)
646 http fetch GET 200 https://registry.npmjs.org/tmp/-/tmp-0.2.3.tgz 4398ms (cache miss)
647 http fetch GET 200 https://registry.npmjs.org/glob/-/glob-7.2.3.tgz 8670ms (cache miss)
648 warn deprecated glob@7.2.3: Glob versions prior to v9 are no longer supported
649 http fetch GET 200 https://registry.npmjs.org/is-arrayish/-/is-arrayish-0.3.2.tgz 4382ms (cache miss)
650 http fetch GET 200 https://registry.npmjs.org/purgecss/-/purgecss-4.1.3.tgz 4467ms (cache miss)
651 http fetch GET 200 https://registry.npmjs.org/acorn-walk/-/acorn-walk-7.2.0.tgz 4612ms (cache miss)
652 http fetch GET 200 https://registry.npmjs.org/object-hash/-/object-hash-2.2.0.tgz 4540ms (cache miss)
653 http fetch GET 200 https://registry.npmjs.org/chokidar/-/chokidar-3.6.0.tgz 4710ms (cache miss)
654 http fetch GET 200 https://registry.npmjs.org/minimist/-/minimist-1.2.8.tgz 5055ms (cache miss)
655 http fetch GET 200 https://registry.npmjs.org/acorn-node/-/acorn-node-1.8.2.tgz 5093ms (cache miss)
656 http fetch GET 200 https://registry.npmjs.org/reduce-css-calc/-/reduce-css-calc-2.1.8.tgz 5083ms (cache miss)
657 http fetch GET 200 https://registry.npmjs.org/commander/-/commander-8.3.0.tgz 9363ms (cache miss)
658 http fetch GET 200 https://registry.npmjs.org/node-emoji/-/node-emoji-1.11.0.tgz 5093ms (cache miss)
659 http fetch GET 200 https://registry.npmjs.org/cosmiconfig/-/cosmiconfig-7.1.0.tgz 5253ms (cache miss)
660 http fetch GET 200 https://registry.npmjs.org/detective/-/detective-5.2.1.tgz 5268ms (cache miss)
661 http fetch GET 200 https://registry.npmjs.org/fs-extra/-/fs-extra-10.1.0.tgz 5453ms (cache miss)
662 http fetch GET 200 https://registry.npmjs.org/postcss-selector-parser/-/postcss-selector-parser-6.1.2.tgz 5571ms (cache miss)
663 http fetch GET 200 https://registry.npmjs.org/acorn/-/acorn-7.4.1.tgz 5653ms (cache miss)
664 http fetch GET 200 https://registry.npmjs.org/yaml/-/yaml-1.10.2.tgz 5878ms (cache miss)
665 http fetch GET 200 https://registry.npmjs.org/yaml/-/yaml-1.10.2.tgz 5896ms (cache miss)
666 http fetch GET 200 https://registry.npmjs.org/resolve/-/resolve-1.22.10.tgz 6440ms (cache miss)
667 http fetch GET 200 https://registry.npmjs.org/yaml/-/yaml-2.8.0.tgz 11556ms (cache miss)
668 http fetch GET 200 https://registry.npmjs.org/lodash/-/lodash-4.17.21.tgz 9221ms (cache miss)
669 http fetch GET 200 https://registry.npmjs.org/tailwindcss/-/tailwindcss-2.2.19.tgz 11067ms (cache miss)
670 silly ADD node_modules/yaml
671 silly ADD node_modules/supports-preserve-symlinks-flag
672 silly ADD node_modules/path-parse
673 silly ADD node_modules/is-core-module
674 silly ADD node_modules/css-unit-converter
675 silly ADD node_modules/path-is-absolute
676 silly ADD node_modules/inflight
677 silly ADD node_modules/fs.realpath
678 silly ADD node_modules/glob
679 silly ADD node_modules/commander
680 silly ADD node_modules/util-deprecate
681 silly ADD node_modules/cssesc
682 silly ADD node_modules/lilconfig
683 silly ADD node_modules/camelcase-css
684 silly ADD node_modules/is-arrayish
685 silly ADD node_modules/lines-and-columns
686 silly ADD node_modules/json-parse-even-better-errors
687 silly ADD node_modules/error-ex
688 silly ADD node_modules/rgba-regex
689 silly ADD node_modules/rgb-regex
690 silly ADD node_modules/hsla-regex
691 silly ADD node_modules/hsl-regex
692 silly ADD node_modules/hex-color-regex
693 silly ADD node_modules/css-color-names
694 silly ADD node_modules/binary-extensions
695 silly ADD node_modules/universalify
696 silly ADD node_modules/jsonfile
697 silly ADD node_modules/graceful-fs
698 silly ADD node_modules/xtend
699 silly ADD node_modules/acorn-walk
700 silly ADD node_modules/minimist
701 silly ADD node_modules/defined
702 silly ADD node_modules/acorn-node
703 silly ADD node_modules/acorn-node/node_modules/acorn
704 silly ADD node_modules/path-type
705 silly ADD node_modules/parse-json
706 silly ADD node_modules/@types/parse-json
707 silly ADD node_modules/simple-swizzle
708 silly ADD node_modules/simple-swizzle/node_modules/is-arrayish
709 silly ADD node_modules/color-string
710 silly ADD node_modules/readdirp
711 silly ADD node_modules/is-binary-path
712 silly ADD node_modules/anymatch
713 silly ADD node_modules/tmp
714 silly ADD node_modules/resolve
715 silly ADD node_modules/reduce-css-calc
716 silly ADD node_modules/reduce-css-calc/node_modules/postcss-value-parser
717 silly ADD node_modules/quick-lru
718 silly ADD node_modules/purgecss
719 silly ADD node_modules/pretty-hrtime
720 silly ADD node_modules/postcss-selector-parser
721 silly ADD node_modules/postcss-nested
722 silly ADD node_modules/postcss-load-config
723 silly ADD node_modules/postcss-load-config/node_modules/yaml
724 silly ADD node_modules/postcss-js
725 silly ADD node_modules/object-hash
726 silly ADD node_modules/normalize-path
727 silly ADD node_modules/node-emoji
728 silly ADD node_modules/modern-normalize
729 silly ADD node_modules/lodash.topath
730 silly ADD node_modules/lodash
731 silly ADD node_modules/is-color-stop
732 silly ADD node_modules/html-tags
733 silly ADD node_modules/fs-extra
734 silly ADD node_modules/dlv
735 silly ADD node_modules/didyoumean
736 silly ADD node_modules/detective
737 silly ADD node_modules/cosmiconfig
738 silly ADD node_modules/cosmiconfig/node_modules/yaml
739 silly ADD node_modules/color
740 silly ADD node_modules/chokidar
741 silly ADD node_modules/chokidar/node_modules/glob-parent
742 silly ADD node_modules/arg
743 silly ADD node_modules/tailwindcss-cli
744 silly ADD node_modules/tailwindcss-cli/node_modules/tailwindcss
745 verbose cwd /home/khanyu/bank-app-frontend
746 verbose os Linux 5.15.167.4-microsoft-standard-WSL2
747 verbose node v22.15.0
748 verbose npm  v11.3.0
749 verbose exit 0
750 info ok
