0 verbose cli /home/khanyu/.nvm/versions/node/v22.15.0/bin/node /home/khanyu/.nvm/versions/node/v22.15.0/bin/npm
1 info using npm@11.3.0
2 info using node@v22.15.0
3 silly config load:file:/home/khanyu/.nvm/versions/node/v22.15.0/lib/node_modules/npm/npmrc
4 silly config load:file:/home/khanyu/bank-app-frontend/.npmrc
5 silly config load:file:/home/khanyu/.npmrc
6 silly config load:file:/home/khanyu/.nvm/versions/node/v22.15.0/etc/npmrc
7 verbose title npm cache clean
8 verbose argv "cache" "clean" "--force"
9 verbose logfile logs-max:10 dir:/home/khanyu/.npm/_logs/2025-05-15T22_48_02_286Z-
10 verbose logfile /home/khanyu/.npm/_logs/2025-05-15T22_48_02_286Z-debug-0.log
11 warn using --force Recommended protections disabled.
12 silly logfile start cleaning logs, removing 1 files
13 silly logfile done cleaning log files
14 verbose cwd /home/khanyu/bank-app-frontend
15 verbose os Linux 5.15.167.4-microsoft-standard-WSL2
16 verbose node v22.15.0
17 verbose npm  v11.3.0
18 verbose exit 0
19 info ok
