0 verbose cli /home/khanyu/.nvm/versions/node/v22.15.0/bin/node /home/khanyu/.nvm/versions/node/v22.15.0/bin/npm
1 info using npm@11.3.0
2 info using node@v22.15.0
3 silly config load:file:/home/khanyu/.nvm/versions/node/v22.15.0/lib/node_modules/npm/npmrc
4 silly config load:file:/home/khanyu/.npmrc
5 silly config load:file:/home/khanyu/.nvm/versions/node/v22.15.0/etc/npmrc
6 verbose title npm install tailwindcss postcss autoprefixer
7 verbose argv "install" "--save-dev" "tailwindcss" "postcss" "autoprefixer"
8 verbose logfile logs-max:10 dir:/home/khanyu/.npm/_logs/2025-05-15T22_18_12_573Z-
9 verbose logfile /home/khanyu/.npm/_logs/2025-05-15T22_18_12_573Z-debug-0.log
10 silly logfile start cleaning logs, removing 1 files
11 silly packumentCache heap:1013710848 maxSize:253427712 maxEntrySize:126713856
12 silly logfile done cleaning log files
13 silly idealTree buildDeps
14 silly fetch manifest autoprefixer@^10.4.21
15 silly packumentCache full:https://registry.npmjs.org/autoprefixer cache-miss
16 http cache https://registry.npmjs.org/autoprefixer 219ms (cache hit)
17 silly packumentCache full:https://registry.npmjs.org/autoprefixer set size:1238679 disposed:false
18 silly fetch manifest postcss@^8.5.3
19 silly packumentCache full:https://registry.npmjs.org/postcss cache-miss
20 http cache https://registry.npmjs.org/postcss 65ms (cache hit)
21 silly packumentCache full:https://registry.npmjs.org/postcss set size:687240 disposed:false
22 silly fetch manifest tailwindcss@^4.1.7
23 silly packumentCache full:https://registry.npmjs.org/tailwindcss cache-miss
24 http cache https://registry.npmjs.org/tailwindcss 177ms (cache hit)
25 silly packumentCache full:https://registry.npmjs.org/tailwindcss set size:8974868 disposed:false
26 silly placeDep ROOT autoprefixer@10.4.21 REPLACE for: bank-backend@1.0.0 want: ^10.4.21
27 silly placeDep ROOT postcss@8.5.3 REPLACE for: bank-backend@1.0.0 want: ^8.5.3
28 silly placeDep ROOT tailwindcss@4.1.7 REPLACE for: bank-backend@1.0.0 want: ^4.1.7
29 silly reify moves {}
30 silly audit bulk request {
30 silly audit   browserslist: [ '4.24.5' ],
30 silly audit   'caniuse-lite': [ '1.0.30001718' ],
30 silly audit   'electron-to-chromium': [ '1.5.155' ],
30 silly audit   escalade: [ '3.2.0' ],
30 silly audit   'fraction.js': [ '4.3.7' ],
30 silly audit   nanoid: [ '3.3.11' ],
30 silly audit   'node-releases': [ '2.0.19' ],
30 silly audit   'normalize-range': [ '0.1.2' ],
30 silly audit   picocolors: [ '1.1.1' ],
30 silly audit   'postcss-value-parser': [ '4.2.0' ],
30 silly audit   'source-map-js': [ '1.2.1' ],
30 silly audit   'update-browserslist-db': [ '1.1.3' ],
30 silly audit   autoprefixer: [ '10.4.21' ],
30 silly audit   postcss: [ '8.5.3' ],
30 silly audit   tailwindcss: [ '4.1.7' ]
30 silly audit }
31 http fetch POST 200 https://registry.npmjs.org/-/npm/v1/security/advisories/bulk 1491ms
32 silly audit report {}
33 verbose cwd /home/khanyu
34 verbose os Linux 5.15.167.4-microsoft-standard-WSL2
35 verbose node v22.15.0
36 verbose npm  v11.3.0
37 verbose exit 0
38 info ok
